mode: set
github.com/dungeongate/cmd/auth-service/main.go:33.13,40.18 3 0
github.com/dungeongate/cmd/auth-service/main.go:40.18,46.3 5 0
github.com/dungeongate/cmd/auth-service/main.go:49.2,50.16 2 0
github.com/dungeongate/cmd/auth-service/main.go:50.16,52.3 1 0
github.com/dungeongate/cmd/auth-service/main.go:55.2,56.16 2 0
github.com/dungeongate/cmd/auth-service/main.go:56.16,58.3 1 0
github.com/dungeongate/cmd/auth-service/main.go:59.2,67.16 3 0
github.com/dungeongate/cmd/auth-service/main.go:67.16,69.3 1 0
github.com/dungeongate/cmd/auth-service/main.go:72.2,74.16 3 0
github.com/dungeongate/cmd/auth-service/main.go:74.16,76.3 1 0
github.com/dungeongate/cmd/auth-service/main.go:79.2,80.21 2 0
github.com/dungeongate/cmd/auth-service/main.go:80.21,83.51 3 0
github.com/dungeongate/cmd/auth-service/main.go:83.51,85.4 1 0
github.com/dungeongate/cmd/auth-service/main.go:86.3,86.46 1 0
github.com/dungeongate/cmd/auth-service/main.go:90.2,112.50 9 0
github.com/dungeongate/cmd/auth-service/main.go:112.50,114.3 1 0
github.com/dungeongate/cmd/auth-service/main.go:114.8,114.53 1 0
github.com/dungeongate/cmd/auth-service/main.go:114.53,116.3 1 0
github.com/dungeongate/cmd/auth-service/main.go:119.2,120.16 2 0
github.com/dungeongate/cmd/auth-service/main.go:120.16,122.3 1 0
github.com/dungeongate/cmd/auth-service/main.go:124.2,124.12 1 0
github.com/dungeongate/cmd/auth-service/main.go:124.12,126.56 2 0
github.com/dungeongate/cmd/auth-service/main.go:126.56,128.4 1 0
github.com/dungeongate/cmd/auth-service/main.go:132.2,133.46 2 0
github.com/dungeongate/cmd/auth-service/main.go:133.46,135.3 1 0
github.com/dungeongate/cmd/auth-service/main.go:138.2,140.74 1 0
github.com/dungeongate/cmd/auth-service/main.go:140.74,141.31 1 0
github.com/dungeongate/cmd/auth-service/main.go:141.31,145.5 3 0
github.com/dungeongate/cmd/auth-service/main.go:146.4,147.76 2 0
github.com/dungeongate/cmd/auth-service/main.go:151.2,151.12 1 0
github.com/dungeongate/cmd/auth-service/main.go:151.12,153.84 2 0
github.com/dungeongate/cmd/auth-service/main.go:153.84,155.4 1 0
github.com/dungeongate/cmd/auth-service/main.go:159.2,172.57 8 0
github.com/dungeongate/cmd/auth-service/main.go:172.57,174.3 1 0
github.com/dungeongate/cmd/auth-service/main.go:177.2,179.37 2 0
github.com/dungeongate/cmd/game-service/main.go:34.13,41.18 3 0
github.com/dungeongate/cmd/game-service/main.go:41.18,47.3 5 0
github.com/dungeongate/cmd/game-service/main.go:49.2,53.16 3 0
github.com/dungeongate/cmd/game-service/main.go:53.16,55.3 1 0
github.com/dungeongate/cmd/game-service/main.go:58.2,59.16 2 0
github.com/dungeongate/cmd/game-service/main.go:59.16,61.3 1 0
github.com/dungeongate/cmd/game-service/main.go:62.2,78.12 7 0
github.com/dungeongate/cmd/game-service/main.go:78.12,79.63 1 0
github.com/dungeongate/cmd/game-service/main.go:79.63,81.4 1 0
github.com/dungeongate/cmd/game-service/main.go:85.2,85.12 1 0
github.com/dungeongate/cmd/game-service/main.go:85.12,86.63 1 0
github.com/dungeongate/cmd/game-service/main.go:86.63,88.4 1 0
github.com/dungeongate/cmd/game-service/main.go:92.2,92.54 1 0
github.com/dungeongate/cmd/game-service/main.go:96.71,98.47 1 0
github.com/dungeongate/cmd/game-service/main.go:98.47,100.3 1 0
github.com/dungeongate/cmd/game-service/main.go:103.2,109.35 2 0
github.com/dungeongate/cmd/game-service/main.go:109.35,110.42 1 0
github.com/dungeongate/cmd/game-service/main.go:110.42,112.4 1 0
github.com/dungeongate/cmd/game-service/main.go:116.2,118.17 3 0
github.com/dungeongate/cmd/game-service/main.go:122.86,124.21 2 0
github.com/dungeongate/cmd/game-service/main.go:124.21,126.3 1 0
github.com/dungeongate/cmd/game-service/main.go:128.2,129.16 2 0
github.com/dungeongate/cmd/game-service/main.go:129.16,131.3 1 0
github.com/dungeongate/cmd/game-service/main.go:141.2,141.16 1 0
github.com/dungeongate/cmd/game-service/main.go:151.82,157.2 1 0
github.com/dungeongate/cmd/game-service/main.go:160.74,173.2 7 0
github.com/dungeongate/cmd/game-service/main.go:176.105,180.73 2 0
github.com/dungeongate/cmd/game-service/main.go:180.73,184.3 3 0
github.com/dungeongate/cmd/game-service/main.go:187.2,187.74 1 0
github.com/dungeongate/cmd/game-service/main.go:187.74,194.3 5 0
github.com/dungeongate/cmd/game-service/main.go:197.2,206.3 3 0
github.com/dungeongate/cmd/game-service/main.go:210.53,211.23 1 0
github.com/dungeongate/cmd/game-service/main.go:211.23,213.3 1 0
github.com/dungeongate/cmd/game-service/main.go:214.2,214.13 1 0
github.com/dungeongate/cmd/game-service/main.go:218.53,219.23 1 0
github.com/dungeongate/cmd/game-service/main.go:219.23,221.3 1 0
github.com/dungeongate/cmd/game-service/main.go:222.2,222.14 1 0
github.com/dungeongate/cmd/game-service/main.go:226.101,229.16 3 0
github.com/dungeongate/cmd/game-service/main.go:229.16,231.3 1 0
github.com/dungeongate/cmd/game-service/main.go:233.2,235.12 2 0
github.com/dungeongate/cmd/game-service/main.go:235.12,239.3 3 0
github.com/dungeongate/cmd/game-service/main.go:241.2,241.47 1 0
github.com/dungeongate/cmd/game-service/main.go:241.47,243.3 1 0
github.com/dungeongate/cmd/game-service/main.go:245.2,245.12 1 0
github.com/dungeongate/cmd/game-service/main.go:249.101,252.12 2 0
github.com/dungeongate/cmd/game-service/main.go:252.12,259.54 5 0
github.com/dungeongate/cmd/game-service/main.go:259.54,261.4 1 0
github.com/dungeongate/cmd/game-service/main.go:264.2,264.79 1 0
github.com/dungeongate/cmd/game-service/main.go:264.79,266.3 1 0
github.com/dungeongate/cmd/game-service/main.go:268.2,268.12 1 0
github.com/dungeongate/cmd/game-service/main.go:272.120,284.2 7 0
github.com/dungeongate/cmd/game-service/main.go:289.76,290.54 1 0
github.com/dungeongate/cmd/game-service/main.go:290.54,291.25 1 0
github.com/dungeongate/cmd/game-service/main.go:291.25,294.4 2 0
github.com/dungeongate/cmd/game-service/main.go:296.3,296.19 1 0
github.com/dungeongate/cmd/game-service/main.go:297.23,300.18 2 0
github.com/dungeongate/cmd/game-service/main.go:300.18,303.5 2 0
github.com/dungeongate/cmd/game-service/main.go:305.4,307.60 2 0
github.com/dungeongate/cmd/game-service/main.go:309.24,312.63 1 0
github.com/dungeongate/cmd/game-service/main.go:314.11,315.68 1 0
github.com/dungeongate/cmd/game-service/main.go:321.85,322.54 1 0
github.com/dungeongate/cmd/game-service/main.go:322.54,323.28 1 0
github.com/dungeongate/cmd/game-service/main.go:323.28,326.4 2 0
github.com/dungeongate/cmd/game-service/main.go:328.3,328.19 1 0
github.com/dungeongate/cmd/game-service/main.go:329.23,332.18 2 0
github.com/dungeongate/cmd/game-service/main.go:332.18,335.5 2 0
github.com/dungeongate/cmd/game-service/main.go:337.4,338.66 2 0
github.com/dungeongate/cmd/game-service/main.go:340.24,343.63 1 0
github.com/dungeongate/cmd/game-service/main.go:345.11,346.68 1 0
github.com/dungeongate/cmd/session-service/main.go:21.13,28.18 3 0
github.com/dungeongate/cmd/session-service/main.go:28.18,34.3 5 0
github.com/dungeongate/cmd/session-service/main.go:37.2,43.16 3 0
github.com/dungeongate/cmd/session-service/main.go:43.16,46.3 2 0
github.com/dungeongate/cmd/session-service/main.go:49.2,89.16 3 0
github.com/dungeongate/cmd/session-service/main.go:89.16,92.3 2 0
github.com/dungeongate/cmd/session-service/main.go:95.2,95.47 1 0
github.com/dungeongate/cmd/session-service/main.go:95.47,98.3 2 0
github.com/dungeongate/cmd/session-service/main.go:100.2,115.46 6 0
github.com/dungeongate/cmd/session-service/main.go:115.46,117.3 1 0
github.com/dungeongate/cmd/session-service/main.go:119.2,119.40 1 0
github.com/dungeongate/cmd/user-service/main.go:26.13,33.18 3 0
github.com/dungeongate/cmd/user-service/main.go:33.18,39.3 5 0
github.com/dungeongate/cmd/user-service/main.go:42.2,43.16 2 0
github.com/dungeongate/cmd/user-service/main.go:43.16,45.3 1 0
github.com/dungeongate/cmd/user-service/main.go:48.2,49.16 2 0
github.com/dungeongate/cmd/user-service/main.go:49.16,51.3 1 0
github.com/dungeongate/cmd/user-service/main.go:54.2,55.16 2 0
github.com/dungeongate/cmd/user-service/main.go:55.16,57.3 1 0
github.com/dungeongate/cmd/user-service/main.go:58.2,66.16 3 0
github.com/dungeongate/cmd/user-service/main.go:66.16,68.3 1 0
github.com/dungeongate/cmd/user-service/main.go:71.2,72.16 2 0
github.com/dungeongate/cmd/user-service/main.go:72.16,74.3 1 0
github.com/dungeongate/cmd/user-service/main.go:77.2,82.46 4 0
github.com/dungeongate/cmd/user-service/main.go:82.46,84.3 1 0
github.com/dungeongate/cmd/user-service/main.go:87.2,89.74 1 0
github.com/dungeongate/cmd/user-service/main.go:89.74,90.31 1 0
github.com/dungeongate/cmd/user-service/main.go:90.31,94.5 3 0
github.com/dungeongate/cmd/user-service/main.go:95.4,96.63 2 0
github.com/dungeongate/cmd/user-service/main.go:100.2,100.12 1 0
github.com/dungeongate/cmd/user-service/main.go:100.12,102.84 2 0
github.com/dungeongate/cmd/user-service/main.go:102.84,104.4 1 0
github.com/dungeongate/cmd/user-service/main.go:108.2,118.57 7 0
github.com/dungeongate/cmd/user-service/main.go:118.57,120.3 1 0
github.com/dungeongate/cmd/user-service/main.go:123.2,129.17 4 0
github.com/dungeongate/internal/auth/client.go:21.49,23.16 2 0
github.com/dungeongate/internal/auth/client.go:23.16,25.3 1 0
github.com/dungeongate/internal/auth/client.go:27.2,32.8 2 0
github.com/dungeongate/internal/auth/client.go:36.32,38.2 1 0
github.com/dungeongate/internal/auth/client.go:41.112,47.2 1 0
github.com/dungeongate/internal/auth/client.go:50.86,56.2 2 0
github.com/dungeongate/internal/auth/client.go:59.111,63.2 1 0
github.com/dungeongate/internal/auth/client.go:66.110,70.2 1 0
github.com/dungeongate/internal/auth/client.go:73.107,77.2 1 0
github.com/dungeongate/internal/auth/client.go:80.77,82.2 1 0
github.com/dungeongate/internal/auth/client.go:90.86,92.16 2 0
github.com/dungeongate/internal/auth/client.go:92.16,94.3 1 0
github.com/dungeongate/internal/auth/client.go:96.2,98.8 1 0
github.com/dungeongate/internal/auth/client.go:102.47,104.2 1 0
github.com/dungeongate/internal/auth/client.go:107.117,109.16 2 0
github.com/dungeongate/internal/auth/client.go:109.16,111.3 1 0
github.com/dungeongate/internal/auth/client.go:114.2,122.27 2 0
github.com/dungeongate/internal/auth/client.go:122.27,135.38 2 0
github.com/dungeongate/internal/auth/client.go:135.38,137.4 1 0
github.com/dungeongate/internal/auth/client.go:139.3,139.26 1 0
github.com/dungeongate/internal/auth/client.go:142.2,142.18 1 0
github.com/dungeongate/internal/auth/client.go:146.81,148.2 1 0
github.com/dungeongate/internal/auth/client.go:151.104,153.16 2 0
github.com/dungeongate/internal/auth/client.go:153.16,155.3 1 0
github.com/dungeongate/internal/auth/client.go:157.2,157.22 1 0
github.com/dungeongate/internal/auth/client.go:157.22,159.3 1 0
github.com/dungeongate/internal/auth/client.go:161.2,161.27 1 0
github.com/dungeongate/internal/auth/client.go:161.27,163.3 1 0
github.com/dungeongate/internal/auth/client.go:165.2,175.8 1 0
github.com/dungeongate/internal/auth/client.go:179.119,181.16 2 0
github.com/dungeongate/internal/auth/client.go:181.16,183.3 1 0
github.com/dungeongate/internal/auth/client.go:185.2,191.8 1 0
github.com/dungeongate/internal/auth/service.go:49.122,51.39 1 0
github.com/dungeongate/internal/auth/service.go:51.39,53.3 1 0
github.com/dungeongate/internal/auth/service.go:54.2,54.40 1 0
github.com/dungeongate/internal/auth/service.go:54.40,56.3 1 0
github.com/dungeongate/internal/auth/service.go:57.2,57.34 1 0
github.com/dungeongate/internal/auth/service.go:57.34,59.3 1 0
github.com/dungeongate/internal/auth/service.go:60.2,60.33 1 0
github.com/dungeongate/internal/auth/service.go:60.33,62.3 1 0
github.com/dungeongate/internal/auth/service.go:63.2,63.28 1 0
github.com/dungeongate/internal/auth/service.go:63.28,65.3 1 0
github.com/dungeongate/internal/auth/service.go:67.2,77.3 1 0
github.com/dungeongate/internal/auth/service.go:81.101,82.46 1 0
github.com/dungeongate/internal/auth/service.go:82.46,88.3 1 0
github.com/dungeongate/internal/auth/service.go:91.2,95.16 2 0
github.com/dungeongate/internal/auth/service.go:95.16,100.3 1 0
github.com/dungeongate/internal/auth/service.go:102.2,102.32 1 0
github.com/dungeongate/internal/auth/service.go:102.32,109.3 1 0
github.com/dungeongate/internal/auth/service.go:112.2,113.16 2 0
github.com/dungeongate/internal/auth/service.go:113.16,116.22 2 0
github.com/dungeongate/internal/auth/service.go:117.29,118.32 1 0
github.com/dungeongate/internal/auth/service.go:119.27,120.37 1 0
github.com/dungeongate/internal/auth/service.go:121.25,122.32 1 0
github.com/dungeongate/internal/auth/service.go:123.11,124.39 1 0
github.com/dungeongate/internal/auth/service.go:128.3,135.9 2 0
github.com/dungeongate/internal/auth/service.go:139.2,143.16 3 0
github.com/dungeongate/internal/auth/service.go:143.16,148.3 1 0
github.com/dungeongate/internal/auth/service.go:151.2,161.8 2 0
github.com/dungeongate/internal/auth/service.go:165.104,171.2 1 0
github.com/dungeongate/internal/auth/service.go:174.122,175.28 1 0
github.com/dungeongate/internal/auth/service.go:175.28,180.3 1 0
github.com/dungeongate/internal/auth/service.go:183.2,184.16 2 0
github.com/dungeongate/internal/auth/service.go:184.16,189.3 1 0
github.com/dungeongate/internal/auth/service.go:192.2,193.16 2 0
github.com/dungeongate/internal/auth/service.go:193.16,198.3 1 0
github.com/dungeongate/internal/auth/service.go:199.2,200.16 2 0
github.com/dungeongate/internal/auth/service.go:200.16,205.3 1 0
github.com/dungeongate/internal/auth/service.go:208.2,209.16 2 0
github.com/dungeongate/internal/auth/service.go:209.16,214.3 1 0
github.com/dungeongate/internal/auth/service.go:216.2,222.8 1 0
github.com/dungeongate/internal/auth/service.go:226.125,227.27 1 0
github.com/dungeongate/internal/auth/service.go:227.27,232.3 1 0
github.com/dungeongate/internal/auth/service.go:235.2,236.16 2 0
github.com/dungeongate/internal/auth/service.go:236.16,241.3 1 0
github.com/dungeongate/internal/auth/service.go:244.2,244.42 1 0
github.com/dungeongate/internal/auth/service.go:244.42,249.3 1 0
github.com/dungeongate/internal/auth/service.go:252.2,253.16 2 0
github.com/dungeongate/internal/auth/service.go:253.16,258.3 1 0
github.com/dungeongate/internal/auth/service.go:259.2,260.16 2 0
github.com/dungeongate/internal/auth/service.go:260.16,265.3 1 0
github.com/dungeongate/internal/auth/service.go:268.2,268.20 1 0
github.com/dungeongate/internal/auth/service.go:268.20,273.3 1 0
github.com/dungeongate/internal/auth/service.go:276.2,282.8 2 0
github.com/dungeongate/internal/auth/service.go:286.119,290.16 2 0
github.com/dungeongate/internal/auth/service.go:290.16,295.3 1 0
github.com/dungeongate/internal/auth/service.go:297.2,297.25 1 0
github.com/dungeongate/internal/auth/service.go:297.25,302.3 1 0
github.com/dungeongate/internal/auth/service.go:304.2,307.8 1 0
github.com/dungeongate/internal/auth/service.go:311.128,316.16 2 0
github.com/dungeongate/internal/auth/service.go:316.16,321.3 1 0
github.com/dungeongate/internal/auth/service.go:323.2,323.25 1 0
github.com/dungeongate/internal/auth/service.go:323.25,328.3 1 0
github.com/dungeongate/internal/auth/service.go:331.2,332.16 2 0
github.com/dungeongate/internal/auth/service.go:332.16,337.3 1 0
github.com/dungeongate/internal/auth/service.go:341.2,343.8 1 0
github.com/dungeongate/internal/auth/service.go:347.125,354.2 1 0
github.com/dungeongate/internal/auth/service.go:357.143,363.2 1 0
github.com/dungeongate/internal/auth/service.go:366.134,375.2 1 0
github.com/dungeongate/internal/auth/service.go:378.98,387.2 1 0
github.com/dungeongate/internal/auth/service.go:391.75,406.16 4 0
github.com/dungeongate/internal/auth/service.go:406.16,408.3 1 0
github.com/dungeongate/internal/auth/service.go:411.2,422.16 3 0
github.com/dungeongate/internal/auth/service.go:422.16,424.3 1 0
github.com/dungeongate/internal/auth/service.go:426.2,426.39 1 0
github.com/dungeongate/internal/auth/service.go:429.74,441.2 2 0
github.com/dungeongate/internal/auth/service.go:443.78,444.83 1 0
github.com/dungeongate/internal/auth/service.go:444.83,445.58 1 0
github.com/dungeongate/internal/auth/service.go:445.58,447.4 1 0
github.com/dungeongate/internal/auth/service.go:448.3,448.26 1 0
github.com/dungeongate/internal/auth/service.go:451.2,451.16 1 0
github.com/dungeongate/internal/auth/service.go:451.16,453.3 1 0
github.com/dungeongate/internal/auth/service.go:455.2,456.25 2 0
github.com/dungeongate/internal/auth/service.go:456.25,458.3 1 0
github.com/dungeongate/internal/auth/service.go:460.2,468.8 1 0
github.com/dungeongate/internal/auth/service.go:471.70,473.30 2 0
github.com/dungeongate/internal/auth/service.go:473.30,475.3 1 0
github.com/dungeongate/internal/auth/service.go:477.2,488.3 1 0
github.com/dungeongate/internal/auth/service.go:491.97,494.2 0 0
github.com/dungeongate/internal/auth/service.go:496.93,499.2 0 0
github.com/dungeongate/internal/auth/service.go:501.57,503.2 1 0
github.com/dungeongate/internal/games/client/grpc_client.go:24.79,32.16 3 0
github.com/dungeongate/internal/games/client/grpc_client.go:32.16,34.3 1 0
github.com/dungeongate/internal/games/client/grpc_client.go:36.2,40.8 1 0
github.com/dungeongate/internal/games/client/grpc_client.go:44.47,45.19 1 0
github.com/dungeongate/internal/games/client/grpc_client.go:45.19,47.3 1 0
github.com/dungeongate/internal/games/client/grpc_client.go:48.2,48.12 1 0
github.com/dungeongate/internal/games/client/grpc_client.go:52.115,77.2 6 0
github.com/dungeongate/internal/games/client/grpc_client.go:80.112,96.2 5 0
github.com/dungeongate/internal/games/client/grpc_client.go:99.113,122.2 5 0
github.com/dungeongate/internal/games/client/grpc_client.go:125.113,153.2 5 0
github.com/dungeongate/internal/games/client/grpc_client.go:156.80,169.2 5 0
github.com/dungeongate/internal/games/client/grpc_client.go:172.52,173.19 1 0
github.com/dungeongate/internal/games/client/grpc_client.go:173.19,175.3 1 0
github.com/dungeongate/internal/games/client/grpc_client.go:177.2,178.34 2 0
github.com/dungeongate/internal/games/client/grpc_client.go:182.51,183.19 1 0
github.com/dungeongate/internal/games/client/grpc_client.go:183.19,185.3 1 0
github.com/dungeongate/internal/games/client/grpc_client.go:188.2,194.16 3 0
github.com/dungeongate/internal/games/client/grpc_client.go:194.16,196.3 1 0
github.com/dungeongate/internal/games/client/grpc_client.go:198.2,199.12 2 0
github.com/dungeongate/internal/games/client/grpc_client.go:210.82,215.2 1 0
github.com/dungeongate/internal/games/client/grpc_client.go:218.46,219.21 1 0
github.com/dungeongate/internal/games/client/grpc_client.go:219.21,221.3 1 0
github.com/dungeongate/internal/games/client/grpc_client.go:223.2,224.16 2 0
github.com/dungeongate/internal/games/client/grpc_client.go:224.16,227.3 2 0
github.com/dungeongate/internal/games/client/grpc_client.go:229.2,231.12 3 0
github.com/dungeongate/internal/games/client/grpc_client.go:235.49,236.21 1 0
github.com/dungeongate/internal/games/client/grpc_client.go:236.21,241.3 4 0
github.com/dungeongate/internal/games/client/grpc_client.go:242.2,242.12 1 0
github.com/dungeongate/internal/games/client/grpc_client.go:246.65,248.2 1 0
github.com/dungeongate/internal/games/client/grpc_client.go:251.49,253.2 1 0
github.com/dungeongate/internal/games/client/grpc_client.go:256.54,257.22 1 0
github.com/dungeongate/internal/games/client/grpc_client.go:257.22,259.3 1 0
github.com/dungeongate/internal/games/client/grpc_client.go:260.2,260.12 1 0
github.com/dungeongate/internal/games/client/grpc_client.go:264.137,267.53 2 0
github.com/dungeongate/internal/games/client/grpc_client.go:267.53,269.45 1 0
github.com/dungeongate/internal/games/client/grpc_client.go:269.45,271.12 2 0
github.com/dungeongate/internal/games/client/grpc_client.go:275.3,276.17 2 0
github.com/dungeongate/internal/games/client/grpc_client.go:276.17,278.4 1 0
github.com/dungeongate/internal/games/client/grpc_client.go:281.3,281.42 1 0
github.com/dungeongate/internal/games/client/grpc_client.go:281.42,282.77 1 0
github.com/dungeongate/internal/games/client/grpc_client.go:282.77,286.13 3 0
github.com/dungeongate/internal/games/client/grpc_client.go:291.3,291.18 1 0
github.com/dungeongate/internal/games/client/grpc_client.go:294.2,294.91 1 0
github.com/dungeongate/internal/games/client/grpc_client.go:298.134,301.53 2 0
github.com/dungeongate/internal/games/client/grpc_client.go:301.53,303.45 1 0
github.com/dungeongate/internal/games/client/grpc_client.go:303.45,305.12 2 0
github.com/dungeongate/internal/games/client/grpc_client.go:309.3,310.17 2 0
github.com/dungeongate/internal/games/client/grpc_client.go:310.17,312.4 1 0
github.com/dungeongate/internal/games/client/grpc_client.go:315.3,315.42 1 0
github.com/dungeongate/internal/games/client/grpc_client.go:315.42,316.77 1 0
github.com/dungeongate/internal/games/client/grpc_client.go:316.77,320.13 3 0
github.com/dungeongate/internal/games/client/grpc_client.go:325.3,325.18 1 0
github.com/dungeongate/internal/games/client/grpc_client.go:328.2,328.90 1 0
github.com/dungeongate/internal/games/infrastructure/grpc/service.go:22.128,27.2 1 0
github.com/dungeongate/internal/games/infrastructure/grpc/service.go:30.111,38.2 1 0
github.com/dungeongate/internal/games/infrastructure/grpc/service.go:41.129,42.26 1 0
github.com/dungeongate/internal/games/infrastructure/grpc/service.go:42.26,44.3 1 0
github.com/dungeongate/internal/games/infrastructure/grpc/service.go:47.2,50.8 1 0
github.com/dungeongate/internal/games/infrastructure/grpc/service.go:54.123,55.26 1 0
github.com/dungeongate/internal/games/infrastructure/grpc/service.go:55.26,57.3 1 0
github.com/dungeongate/internal/games/infrastructure/grpc/service.go:59.2,59.22 1 0
github.com/dungeongate/internal/games/infrastructure/grpc/service.go:59.22,61.3 1 0
github.com/dungeongate/internal/games/infrastructure/grpc/service.go:63.2,63.81 1 0
github.com/dungeongate/internal/games/infrastructure/grpc/service.go:67.132,68.26 1 0
github.com/dungeongate/internal/games/infrastructure/grpc/service.go:68.26,70.3 1 0
github.com/dungeongate/internal/games/infrastructure/grpc/service.go:72.2,72.84 1 0
github.com/dungeongate/internal/games/infrastructure/grpc/service.go:76.132,77.26 1 0
github.com/dungeongate/internal/games/infrastructure/grpc/service.go:77.26,79.3 1 0
github.com/dungeongate/internal/games/infrastructure/grpc/service.go:81.2,81.84 1 0
github.com/dungeongate/internal/games/infrastructure/grpc/service.go:85.132,86.26 1 0
github.com/dungeongate/internal/games/infrastructure/grpc/service.go:86.26,88.3 1 0
github.com/dungeongate/internal/games/infrastructure/grpc/service.go:90.2,90.84 1 0
github.com/dungeongate/internal/games/infrastructure/grpc/service.go:94.150,95.29 1 0
github.com/dungeongate/internal/games/infrastructure/grpc/service.go:95.29,97.3 1 0
github.com/dungeongate/internal/games/infrastructure/grpc/service.go:99.2,99.90 1 0
github.com/dungeongate/internal/games/infrastructure/grpc/service.go:103.147,104.29 1 0
github.com/dungeongate/internal/games/infrastructure/grpc/service.go:104.29,106.3 1 0
github.com/dungeongate/internal/games/infrastructure/grpc/service.go:108.2,108.89 1 0
github.com/dungeongate/internal/games/infrastructure/grpc/service.go:112.144,113.29 1 0
github.com/dungeongate/internal/games/infrastructure/grpc/service.go:113.29,115.3 1 0
github.com/dungeongate/internal/games/infrastructure/grpc/service.go:117.2,117.88 1 0
github.com/dungeongate/internal/games/infrastructure/grpc/service.go:121.150,122.29 1 0
github.com/dungeongate/internal/games/infrastructure/grpc/service.go:122.29,124.3 1 0
github.com/dungeongate/internal/games/infrastructure/grpc/service.go:126.2,126.90 1 0
github.com/dungeongate/internal/games/infrastructure/grpc/service.go:130.126,131.26 1 0
github.com/dungeongate/internal/games/infrastructure/grpc/service.go:131.26,133.3 1 0
github.com/dungeongate/internal/games/infrastructure/grpc/service.go:135.2,135.82 1 0
github.com/dungeongate/internal/games/infrastructure/grpc/service.go:139.126,140.26 1 0
github.com/dungeongate/internal/games/infrastructure/grpc/service.go:140.26,142.3 1 0
github.com/dungeongate/internal/games/infrastructure/grpc/service.go:144.2,144.82 1 0
github.com/dungeongate/internal/games/infrastructure/grpc/service.go:148.132,149.26 1 0
github.com/dungeongate/internal/games/infrastructure/grpc/service.go:149.26,151.3 1 0
github.com/dungeongate/internal/games/infrastructure/grpc/service.go:153.2,153.84 1 0
github.com/dungeongate/internal/games/infrastructure/grpc/service.go:157.129,158.26 1 0
github.com/dungeongate/internal/games/infrastructure/grpc/service.go:158.26,160.3 1 0
github.com/dungeongate/internal/games/infrastructure/grpc/service.go:162.2,162.83 1 0
github.com/dungeongate/internal/games/games.go:39.82,46.2 1 0
github.com/dungeongate/internal/games/games.go:83.95,86.16 2 0
github.com/dungeongate/internal/games/games.go:86.16,88.3 1 0
github.com/dungeongate/internal/games/games.go:90.2,90.19 1 0
github.com/dungeongate/internal/games/games.go:90.19,92.3 1 0
github.com/dungeongate/internal/games/games.go:95.2,105.16 3 0
github.com/dungeongate/internal/games/games.go:105.16,107.3 1 0
github.com/dungeongate/internal/games/games.go:109.2,115.21 2 0
github.com/dungeongate/internal/games/games.go:119.73,122.2 1 0
github.com/dungeongate/internal/games/games.go:125.79,128.2 1 0
github.com/dungeongate/internal/games/games.go:131.84,133.2 1 0
github.com/dungeongate/internal/games/games.go:136.63,138.44 1 0
github.com/dungeongate/internal/games/games.go:138.44,139.30 1 0
github.com/dungeongate/internal/games/games.go:139.30,151.4 1 0
github.com/dungeongate/internal/games/games.go:154.2,154.53 1 0
github.com/dungeongate/internal/games/games.go:158.89,168.40 3 0
github.com/dungeongate/internal/games/games.go:168.40,170.3 1 0
github.com/dungeongate/internal/games/games.go:173.2,174.43 2 0
github.com/dungeongate/internal/games/games.go:174.43,178.3 2 0
github.com/dungeongate/internal/games/games.go:181.2,181.39 1 0
github.com/dungeongate/internal/games/games.go:181.39,187.3 1 0
github.com/dungeongate/internal/games/games.go:190.2,190.36 1 0
github.com/dungeongate/internal/games/games.go:190.36,192.3 1 0
github.com/dungeongate/internal/games/games.go:194.2,194.17 1 0
github.com/dungeongate/internal/games/games.go:198.67,202.2 1 0
github.com/dungeongate/internal/games/games.go:205.33,208.2 1 0
github.com/dungeongate/internal/games/games.go:211.62,215.2 1 0
github.com/dungeongate/internal/games/games.go:218.52,221.73 2 0
github.com/dungeongate/internal/games/games.go:221.73,224.3 2 0
github.com/dungeongate/internal/games/games.go:226.2,226.72 1 0
github.com/dungeongate/internal/games/games.go:226.72,230.3 2 0
github.com/dungeongate/internal/games/games.go:232.2,232.75 1 0
github.com/dungeongate/internal/games/games.go:232.75,236.3 2 0
github.com/dungeongate/internal/games/games.go:238.2,238.12 1 0
github.com/dungeongate/internal/games/games.go:242.72,245.2 0 0
github.com/dungeongate/internal/games/games.go:250.113,259.16 3 0
github.com/dungeongate/internal/games/games.go:259.16,263.3 1 0
github.com/dungeongate/internal/games/games.go:265.2,267.8 1 0
github.com/dungeongate/internal/games/games.go:271.110,273.16 2 0
github.com/dungeongate/internal/games/games.go:273.16,278.3 1 0
github.com/dungeongate/internal/games/games.go:280.2,282.8 1 0
github.com/dungeongate/internal/games/games.go:286.140,288.16 2 0
github.com/dungeongate/internal/games/games.go:288.16,292.3 1 0
github.com/dungeongate/internal/games/games.go:294.2,297.8 1 0
github.com/dungeongate/internal/games/games.go:301.128,306.13 4 0
github.com/dungeongate/internal/games/games.go:306.13,310.3 1 0
github.com/dungeongate/internal/games/games.go:312.2,314.8 1 0
github.com/dungeongate/internal/games/games.go:318.104,326.2 1 0
github.com/dungeongate/internal/games/games.go:331.99,333.54 1 0
github.com/dungeongate/internal/games/games.go:334.16,335.52 1 0
github.com/dungeongate/internal/games/games.go:336.16,337.52 1 0
github.com/dungeongate/internal/games/games.go:338.20,339.50 1 0
github.com/dungeongate/internal/games/games.go:340.10,341.103 1 0
github.com/dungeongate/internal/games/games.go:346.101,355.27 2 0
github.com/dungeongate/internal/games/games.go:355.27,356.36 1 0
github.com/dungeongate/internal/games/games.go:356.36,358.4 1 0
github.com/dungeongate/internal/games/games.go:359.3,359.39 1 0
github.com/dungeongate/internal/games/games.go:359.39,361.4 1 0
github.com/dungeongate/internal/games/games.go:365.2,365.68 1 0
github.com/dungeongate/internal/games/games.go:365.68,366.51 1 0
github.com/dungeongate/internal/games/games.go:366.51,370.4 1 0
github.com/dungeongate/internal/games/games.go:371.3,371.60 1 0
github.com/dungeongate/internal/games/games.go:371.60,373.4 1 0
github.com/dungeongate/internal/games/games.go:377.2,377.27 1 0
github.com/dungeongate/internal/games/games.go:377.27,378.49 1 0
github.com/dungeongate/internal/games/games.go:378.49,380.23 2 0
github.com/dungeongate/internal/games/games.go:380.23,382.5 1 0
github.com/dungeongate/internal/games/games.go:383.4,383.40 1 0
github.com/dungeongate/internal/games/games.go:388.2,388.29 1 0
github.com/dungeongate/internal/games/games.go:388.29,389.44 1 0
github.com/dungeongate/internal/games/games.go:389.44,392.4 2 0
github.com/dungeongate/internal/games/games.go:396.2,396.27 1 0
github.com/dungeongate/internal/games/games.go:396.27,398.31 2 0
github.com/dungeongate/internal/games/games.go:398.31,400.4 1 0
github.com/dungeongate/internal/games/games.go:401.3,401.29 1 0
github.com/dungeongate/internal/games/games.go:405.2,411.16 5 0
github.com/dungeongate/internal/games/games.go:411.16,413.3 1 0
github.com/dungeongate/internal/games/games.go:416.2,418.12 2 0
github.com/dungeongate/internal/games/games.go:422.101,426.2 1 0
github.com/dungeongate/internal/games/games.go:429.99,433.2 1 0
github.com/dungeongate/internal/games/games.go:438.54,442.64 3 0
github.com/dungeongate/internal/games/games.go:442.64,443.34 1 0
github.com/dungeongate/internal/games/games.go:443.34,444.11 1 0
github.com/dungeongate/internal/games/games.go:445.25,445.25 0 0
github.com/dungeongate/internal/games/games.go:447.12,447.12 0 0
github.com/dungeongate/internal/games/games.go:455.76,459.38 3 0
github.com/dungeongate/internal/games/games.go:459.38,461.3 1 0
github.com/dungeongate/internal/games/games.go:462.2,462.71 1 0
github.com/dungeongate/internal/games/games.go:466.79,470.58 3 0
github.com/dungeongate/internal/games/games.go:470.58,471.42 1 0
github.com/dungeongate/internal/games/games.go:471.42,472.32 1 0
github.com/dungeongate/internal/games/games.go:472.32,476.10 3 0
github.com/dungeongate/internal/games/kubernetes_controller.go:29.110,32.16 2 0
github.com/dungeongate/internal/games/kubernetes_controller.go:32.16,34.3 1 0
github.com/dungeongate/internal/games/kubernetes_controller.go:37.2,38.16 2 0
github.com/dungeongate/internal/games/kubernetes_controller.go:38.16,40.3 1 0
github.com/dungeongate/internal/games/kubernetes_controller.go:42.2,46.8 1 0
github.com/dungeongate/internal/games/kubernetes_controller.go:50.106,53.16 2 0
github.com/dungeongate/internal/games/kubernetes_controller.go:53.16,55.3 1 0
github.com/dungeongate/internal/games/kubernetes_controller.go:58.2,59.16 2 0
github.com/dungeongate/internal/games/kubernetes_controller.go:59.16,61.3 1 0
github.com/dungeongate/internal/games/kubernetes_controller.go:64.2,68.57 3 0
github.com/dungeongate/internal/games/kubernetes_controller.go:72.93,73.27 1 0
github.com/dungeongate/internal/games/kubernetes_controller.go:73.27,75.3 1 0
github.com/dungeongate/internal/games/kubernetes_controller.go:78.2,83.91 3 0
github.com/dungeongate/internal/games/kubernetes_controller.go:87.109,89.16 2 0
github.com/dungeongate/internal/games/kubernetes_controller.go:89.16,91.3 1 0
github.com/dungeongate/internal/games/kubernetes_controller.go:93.2,93.25 1 0
github.com/dungeongate/internal/games/kubernetes_controller.go:97.109,104.16 4 0
github.com/dungeongate/internal/games/kubernetes_controller.go:104.16,106.3 1 0
github.com/dungeongate/internal/games/kubernetes_controller.go:107.2,111.16 4 0
github.com/dungeongate/internal/games/kubernetes_controller.go:111.16,113.3 1 0
github.com/dungeongate/internal/games/kubernetes_controller.go:115.2,115.26 1 0
github.com/dungeongate/internal/games/kubernetes_controller.go:119.118,126.16 3 0
github.com/dungeongate/internal/games/kubernetes_controller.go:126.16,128.3 1 0
github.com/dungeongate/internal/games/kubernetes_controller.go:129.2,131.6 2 0
github.com/dungeongate/internal/games/kubernetes_controller.go:131.6,132.10 1 0
github.com/dungeongate/internal/games/kubernetes_controller.go:133.44,134.11 1 0
github.com/dungeongate/internal/games/kubernetes_controller.go:134.11,136.5 1 0
github.com/dungeongate/internal/games/kubernetes_controller.go:138.4,139.11 2 0
github.com/dungeongate/internal/games/kubernetes_controller.go:139.11,140.13 1 0
github.com/dungeongate/internal/games/kubernetes_controller.go:143.4,143.29 1 0
github.com/dungeongate/internal/games/kubernetes_controller.go:145.21,146.20 1 0
github.com/dungeongate/internal/games/kubernetes_controller.go:152.91,158.16 3 0
github.com/dungeongate/internal/games/kubernetes_controller.go:158.16,160.3 1 0
github.com/dungeongate/internal/games/kubernetes_controller.go:162.2,163.31 2 0
github.com/dungeongate/internal/games/kubernetes_controller.go:163.31,165.85 2 0
github.com/dungeongate/internal/games/kubernetes_controller.go:165.85,167.4 1 0
github.com/dungeongate/internal/games/kubernetes_controller.go:170.2,170.24 1 0
github.com/dungeongate/internal/games/kubernetes_controller.go:174.101,180.16 3 0
github.com/dungeongate/internal/games/kubernetes_controller.go:180.16,182.3 1 0
github.com/dungeongate/internal/games/kubernetes_controller.go:184.2,186.31 2 0
github.com/dungeongate/internal/games/kubernetes_controller.go:186.31,190.85 2 0
github.com/dungeongate/internal/games/kubernetes_controller.go:190.85,191.12 1 0
github.com/dungeongate/internal/games/kubernetes_controller.go:195.3,195.86 1 0
github.com/dungeongate/internal/games/kubernetes_controller.go:195.86,197.47 2 0
github.com/dungeongate/internal/games/kubernetes_controller.go:197.47,198.53 1 0
github.com/dungeongate/internal/games/kubernetes_controller.go:198.53,199.88 1 0
github.com/dungeongate/internal/games/kubernetes_controller.go:199.88,201.12 2 0
github.com/dungeongate/internal/games/kubernetes_controller.go:204.10,205.66 1 0
github.com/dungeongate/internal/games/kubernetes_controller.go:205.66,206.49 1 0
github.com/dungeongate/internal/games/kubernetes_controller.go:206.49,208.12 2 0
github.com/dungeongate/internal/games/kubernetes_controller.go:213.4,213.57 1 0
github.com/dungeongate/internal/games/kubernetes_controller.go:213.57,215.19 2 0
github.com/dungeongate/internal/games/kubernetes_controller.go:215.19,218.6 1 0
github.com/dungeongate/internal/games/kubernetes_controller.go:223.2,223.12 1 0
github.com/dungeongate/internal/games/kubernetes_controller.go:227.103,234.16 2 0
github.com/dungeongate/internal/games/kubernetes_controller.go:234.16,236.3 1 0
github.com/dungeongate/internal/games/kubernetes_controller.go:238.2,239.13 2 0
github.com/dungeongate/internal/games/kubernetes_controller.go:239.13,241.3 1 0
github.com/dungeongate/internal/games/kubernetes_controller.go:244.2,254.16 3 0
github.com/dungeongate/internal/games/kubernetes_controller.go:254.16,256.3 1 0
github.com/dungeongate/internal/games/kubernetes_controller.go:258.2,260.16 3 0
github.com/dungeongate/internal/games/kubernetes_controller.go:260.16,262.3 1 0
github.com/dungeongate/internal/games/kubernetes_controller.go:265.2,267.16 3 0
github.com/dungeongate/internal/games/kubernetes_controller.go:267.16,269.3 1 0
github.com/dungeongate/internal/games/kubernetes_controller.go:272.2,274.18 2 0
github.com/dungeongate/internal/games/kubernetes_controller.go:278.77,281.37 2 0
github.com/dungeongate/internal/games/kubernetes_controller.go:281.37,282.47 1 0
github.com/dungeongate/internal/games/kubernetes_controller.go:282.47,284.9 2 0
github.com/dungeongate/internal/games/kubernetes_controller.go:288.2,288.22 1 0
github.com/dungeongate/internal/games/kubernetes_controller.go:288.22,290.3 1 0
github.com/dungeongate/internal/games/kubernetes_controller.go:293.2,293.27 1 0
github.com/dungeongate/internal/games/kubernetes_controller.go:293.27,294.42 1 0
github.com/dungeongate/internal/games/kubernetes_controller.go:294.42,296.4 1 0
github.com/dungeongate/internal/games/kubernetes_controller.go:297.3,297.40 1 0
github.com/dungeongate/internal/games/kubernetes_controller.go:297.40,299.4 1 0
github.com/dungeongate/internal/games/kubernetes_controller.go:302.3,302.36 1 0
github.com/dungeongate/internal/games/kubernetes_controller.go:302.36,304.4 1 0
github.com/dungeongate/internal/games/kubernetes_controller.go:305.3,305.38 1 0
github.com/dungeongate/internal/games/kubernetes_controller.go:305.38,307.4 1 0
github.com/dungeongate/internal/games/kubernetes_controller.go:310.3,310.39 1 0
github.com/dungeongate/internal/games/kubernetes_controller.go:310.39,312.4 1 0
github.com/dungeongate/internal/games/kubernetes_controller.go:313.3,313.41 1 0
github.com/dungeongate/internal/games/kubernetes_controller.go:313.41,315.4 1 0
github.com/dungeongate/internal/games/kubernetes_controller.go:319.2,319.29 1 0
github.com/dungeongate/internal/games/kubernetes_controller.go:319.29,320.44 1 0
github.com/dungeongate/internal/games/kubernetes_controller.go:320.44,323.38 2 0
github.com/dungeongate/internal/games/kubernetes_controller.go:323.38,324.24 1 0
github.com/dungeongate/internal/games/kubernetes_controller.go:324.24,326.11 2 0
github.com/dungeongate/internal/games/kubernetes_controller.go:330.4,330.14 1 0
github.com/dungeongate/internal/games/kubernetes_controller.go:330.14,335.5 1 0
github.com/dungeongate/internal/games/kubernetes_controller.go:340.2,340.27 1 0
github.com/dungeongate/internal/games/kubernetes_controller.go:340.27,341.33 1 0
github.com/dungeongate/internal/games/kubernetes_controller.go:341.33,343.32 2 0
github.com/dungeongate/internal/games/kubernetes_controller.go:343.32,345.5 1 0
github.com/dungeongate/internal/games/kubernetes_controller.go:346.4,346.27 1 0
github.com/dungeongate/internal/games/kubernetes_controller.go:349.3,349.38 1 0
github.com/dungeongate/internal/games/kubernetes_controller.go:349.38,350.54 1 0
github.com/dungeongate/internal/games/kubernetes_controller.go:351.18,352.50 1 0
github.com/dungeongate/internal/games/kubernetes_controller.go:353.17,354.49 1 0
github.com/dungeongate/internal/games/kubernetes_controller.go:355.24,356.56 1 0
github.com/dungeongate/internal/games/kubernetes_controller.go:363.114,373.16 5 0
github.com/dungeongate/internal/games/kubernetes_controller.go:373.16,375.3 1 0
github.com/dungeongate/internal/games/kubernetes_controller.go:376.2,378.6 2 0
github.com/dungeongate/internal/games/kubernetes_controller.go:378.6,379.10 1 0
github.com/dungeongate/internal/games/kubernetes_controller.go:380.44,381.11 1 0
github.com/dungeongate/internal/games/kubernetes_controller.go:381.11,383.5 1 0
github.com/dungeongate/internal/games/kubernetes_controller.go:385.4,386.11 2 0
github.com/dungeongate/internal/games/kubernetes_controller.go:386.11,387.13 1 0
github.com/dungeongate/internal/games/kubernetes_controller.go:391.4,391.45 1 0
github.com/dungeongate/internal/games/kubernetes_controller.go:391.45,392.53 1 0
github.com/dungeongate/internal/games/kubernetes_controller.go:392.53,393.87 1 0
github.com/dungeongate/internal/games/kubernetes_controller.go:393.87,395.7 1 0
github.com/dungeongate/internal/games/kubernetes_controller.go:400.4,400.44 1 0
github.com/dungeongate/internal/games/kubernetes_controller.go:400.44,402.5 1 0
github.com/dungeongate/internal/games/kubernetes_controller.go:404.21,405.72 1 0
github.com/dungeongate/internal/games/kubernetes_controller.go:411.56,414.16 2 0
github.com/dungeongate/internal/games/kubernetes_controller.go:414.16,417.3 1 0
github.com/dungeongate/internal/games/kubernetes_controller.go:418.2,418.17 1 0
github.com/dungeongate/internal/games/kubernetes_controller.go:422.104,431.2 1 0
github.com/dungeongate/internal/games/kubernetes_controller.go:447.60,451.2 1 0
github.com/dungeongate/internal/games/kubernetes_controller.go:454.86,456.13 2 0
github.com/dungeongate/internal/games/kubernetes_controller.go:456.13,458.3 1 0
github.com/dungeongate/internal/games/kubernetes_controller.go:460.2,460.19 1 0
github.com/dungeongate/internal/games/kubernetes_controller.go:461.19,462.35 1 0
github.com/dungeongate/internal/games/kubernetes_controller.go:463.22,464.38 1 0
github.com/dungeongate/internal/games/kubernetes_controller.go:465.21,466.37 1 0
github.com/dungeongate/internal/games/kubernetes_controller.go:471.77,487.2 2 0
github.com/dungeongate/internal/games/kubernetes_controller.go:490.80,493.68 2 0
github.com/dungeongate/internal/games/kubernetes_controller.go:493.68,494.27 1 0
github.com/dungeongate/internal/games/kubernetes_controller.go:495.26,496.27 1 0
github.com/dungeongate/internal/games/kubernetes_controller.go:497.46,498.28 1 0
github.com/dungeongate/internal/games/kubernetes_controller.go:501.2,516.35 3 0
github.com/dungeongate/internal/games/kubernetes_controller.go:520.79,523.68 2 0
github.com/dungeongate/internal/games/kubernetes_controller.go:523.68,525.3 1 0
github.com/dungeongate/internal/games/kubernetes_controller.go:526.2,540.35 3 0
github.com/dungeongate/internal/games/kubernetes_controller.go:544.31,547.2 1 0
github.com/dungeongate/internal/games/types.go:42.63,52.2 3 0
github.com/dungeongate/internal/games/types.go:61.48,66.2 1 0
github.com/dungeongate/internal/games/types.go:69.83,73.37 2 0
github.com/dungeongate/internal/games/types.go:73.37,75.3 1 0
github.com/dungeongate/internal/games/types.go:78.2,84.3 3 0
github.com/dungeongate/internal/games/types.go:88.93,92.53 2 0
github.com/dungeongate/internal/games/types.go:92.53,94.3 1 0
github.com/dungeongate/internal/games/types.go:96.2,99.37 2 0
github.com/dungeongate/internal/games/types.go:99.37,100.24 1 0
github.com/dungeongate/internal/games/types.go:100.24,102.4 1 0
github.com/dungeongate/internal/games/types.go:105.2,108.3 1 0
github.com/dungeongate/internal/games/types.go:112.58,114.41 2 0
github.com/dungeongate/internal/games/types.go:114.41,116.3 1 0
github.com/dungeongate/internal/games/types.go:117.2,117.19 1 0
github.com/dungeongate/internal/games/types.go:153.40,162.2 2 0
github.com/dungeongate/internal/games/types.go:165.77,168.2 2 0
github.com/dungeongate/internal/games/types.go:171.33,174.2 2 0
github.com/dungeongate/internal/games/types.go:177.49,178.20 1 0
github.com/dungeongate/internal/games/types.go:178.20,180.3 1 0
github.com/dungeongate/internal/games/types.go:182.2,185.9 3 0
github.com/dungeongate/internal/games/types.go:186.32,186.32 0 0
github.com/dungeongate/internal/games/types.go:188.10,188.10 0 0
github.com/dungeongate/internal/games/types.go:196.59,205.37 5 0
github.com/dungeongate/internal/games/types.go:205.37,207.34 2 0
github.com/dungeongate/internal/games/types.go:207.34,209.4 1 0
github.com/dungeongate/internal/games/types.go:212.2,212.15 1 0
github.com/dungeongate/internal/games/types.go:216.82,219.6 2 0
github.com/dungeongate/internal/games/types.go:219.6,220.10 1 0
github.com/dungeongate/internal/games/types.go:221.35,222.39 1 0
github.com/dungeongate/internal/games/types.go:223.22,224.10 1 0
github.com/dungeongate/internal/games/types.go:230.107,239.28 6 0
github.com/dungeongate/internal/games/types.go:239.28,241.3 1 0
github.com/dungeongate/internal/games/types.go:244.2,247.39 2 0
github.com/dungeongate/internal/games/types.go:247.39,248.94 1 0
github.com/dungeongate/internal/games/types.go:248.94,249.45 1 0
github.com/dungeongate/internal/games/types.go:249.45,250.52 1 0
github.com/dungeongate/internal/games/types.go:250.53,254.6 0 0
github.com/dungeongate/internal/games/domain/game.go:32.37,34.2 1 1
github.com/dungeongate/internal/games/domain/game.go:37.34,39.2 1 1
github.com/dungeongate/internal/games/domain/game.go:116.73,127.2 2 0
github.com/dungeongate/internal/games/domain/game.go:130.28,132.2 1 0
github.com/dungeongate/internal/games/domain/game.go:135.40,137.2 1 0
github.com/dungeongate/internal/games/domain/game.go:140.36,142.2 1 0
github.com/dungeongate/internal/games/domain/game.go:145.36,147.2 1 0
github.com/dungeongate/internal/games/domain/game.go:150.44,152.2 1 0
github.com/dungeongate/internal/games/domain/game.go:155.25,158.2 2 0
github.com/dungeongate/internal/games/domain/game.go:161.26,164.2 2 0
github.com/dungeongate/internal/games/domain/game.go:167.33,170.2 2 0
github.com/dungeongate/internal/games/domain/game.go:173.48,176.2 2 0
github.com/dungeongate/internal/games/domain/game.go:179.54,182.2 2 0
github.com/dungeongate/internal/games/domain/game.go:185.33,187.2 1 0
github.com/dungeongate/internal/games/domain/game.go:190.32,192.2 1 0
github.com/dungeongate/internal/games/domain/game.go:195.55,198.2 2 0
github.com/dungeongate/internal/games/domain/game.go:201.37,206.2 4 0
github.com/dungeongate/internal/games/domain/game.go:209.38,211.2 1 0
github.com/dungeongate/internal/games/domain/game.go:214.38,216.2 1 0
github.com/dungeongate/internal/games/domain/save.go:42.37,44.2 1 1
github.com/dungeongate/internal/games/domain/save.go:47.34,49.2 1 1
github.com/dungeongate/internal/games/domain/save.go:89.13,107.2 3 1
github.com/dungeongate/internal/games/domain/save.go:110.32,112.2 1 1
github.com/dungeongate/internal/games/domain/save.go:115.36,117.2 1 1
github.com/dungeongate/internal/games/domain/save.go:120.36,122.2 1 1
github.com/dungeongate/internal/games/domain/save.go:125.34,127.2 1 1
github.com/dungeongate/internal/games/domain/save.go:130.44,132.2 1 1
github.com/dungeongate/internal/games/domain/save.go:135.38,137.2 1 1
github.com/dungeongate/internal/games/domain/save.go:140.38,142.2 1 1
github.com/dungeongate/internal/games/domain/save.go:145.37,147.2 1 1
github.com/dungeongate/internal/games/domain/save.go:150.40,152.2 1 1
github.com/dungeongate/internal/games/domain/save.go:155.36,157.2 1 1
github.com/dungeongate/internal/games/domain/save.go:160.73,161.34 1 1
github.com/dungeongate/internal/games/domain/save.go:161.34,163.3 1 0
github.com/dungeongate/internal/games/domain/save.go:166.2,182.12 8 1
github.com/dungeongate/internal/games/domain/save.go:186.58,189.2 2 0
github.com/dungeongate/internal/games/domain/save.go:192.34,195.2 2 1
github.com/dungeongate/internal/games/domain/save.go:198.30,201.2 2 1
github.com/dungeongate/internal/games/domain/save.go:204.29,207.2 2 1
github.com/dungeongate/internal/games/domain/save.go:210.64,213.27 2 1
github.com/dungeongate/internal/games/domain/save.go:213.27,214.34 1 1
github.com/dungeongate/internal/games/domain/save.go:214.34,216.9 2 1
github.com/dungeongate/internal/games/domain/save.go:220.2,220.19 1 1
github.com/dungeongate/internal/games/domain/save.go:220.19,222.3 1 0
github.com/dungeongate/internal/games/domain/save.go:225.2,225.48 1 1
github.com/dungeongate/internal/games/domain/save.go:225.48,227.3 1 0
github.com/dungeongate/internal/games/domain/save.go:230.2,236.12 6 1
github.com/dungeongate/internal/games/domain/save.go:240.34,242.2 1 1
github.com/dungeongate/internal/games/domain/save.go:245.71,256.2 4 1
github.com/dungeongate/internal/games/domain/save.go:259.43,261.2 1 1
github.com/dungeongate/internal/games/domain/save.go:264.73,269.35 4 1
github.com/dungeongate/internal/games/domain/save.go:269.35,270.37 1 1
github.com/dungeongate/internal/games/domain/save.go:270.37,272.4 1 1
github.com/dungeongate/internal/games/domain/save.go:272.9,274.4 1 0
github.com/dungeongate/internal/games/domain/save.go:277.2,278.29 2 1
github.com/dungeongate/internal/games/domain/save.go:278.29,280.3 1 0
github.com/dungeongate/internal/games/domain/save.go:282.2,282.23 1 1
github.com/dungeongate/internal/games/domain/save.go:286.42,288.2 1 0
github.com/dungeongate/internal/games/domain/save.go:291.42,293.2 1 0
github.com/dungeongate/internal/games/domain/save.go:296.44,299.2 2 1
github.com/dungeongate/internal/games/domain/session.go:48.43,50.2 1 0
github.com/dungeongate/internal/games/domain/session.go:53.37,55.2 1 0
github.com/dungeongate/internal/games/domain/session.go:63.34,65.2 1 1
github.com/dungeongate/internal/games/domain/session.go:68.28,70.2 1 1
github.com/dungeongate/internal/games/domain/session.go:100.40,102.2 1 0
github.com/dungeongate/internal/games/domain/session.go:140.16,157.2 2 0
github.com/dungeongate/internal/games/domain/session.go:160.38,162.2 1 0
github.com/dungeongate/internal/games/domain/session.go:165.39,167.2 1 0
github.com/dungeongate/internal/games/domain/session.go:170.41,172.2 1 0
github.com/dungeongate/internal/games/domain/session.go:175.39,177.2 1 0
github.com/dungeongate/internal/games/domain/session.go:180.46,182.2 1 0
github.com/dungeongate/internal/games/domain/session.go:185.45,187.2 1 0
github.com/dungeongate/internal/games/domain/session.go:190.44,192.2 1 0
github.com/dungeongate/internal/games/domain/session.go:195.48,196.22 1 0
github.com/dungeongate/internal/games/domain/session.go:196.22,198.3 1 0
github.com/dungeongate/internal/games/domain/session.go:199.2,199.32 1 0
github.com/dungeongate/internal/games/domain/session.go:203.39,205.2 1 0
github.com/dungeongate/internal/games/domain/session.go:208.42,210.2 1 0
github.com/dungeongate/internal/games/domain/session.go:213.54,218.2 4 0
github.com/dungeongate/internal/games/domain/session.go:221.37,222.37 1 0
github.com/dungeongate/internal/games/domain/session.go:222.37,224.3 1 0
github.com/dungeongate/internal/games/domain/session.go:225.2,227.12 3 0
github.com/dungeongate/internal/games/domain/session.go:231.38,232.37 1 0
github.com/dungeongate/internal/games/domain/session.go:232.37,234.3 1 0
github.com/dungeongate/internal/games/domain/session.go:235.2,238.12 4 0
github.com/dungeongate/internal/games/domain/session.go:242.58,246.21 4 0
github.com/dungeongate/internal/games/domain/session.go:246.21,248.3 1 0
github.com/dungeongate/internal/games/domain/session.go:249.2,249.19 1 0
github.com/dungeongate/internal/games/domain/session.go:249.19,251.3 1 0
github.com/dungeongate/internal/games/domain/session.go:252.2,252.19 1 0
github.com/dungeongate/internal/games/domain/session.go:256.43,261.2 4 0
github.com/dungeongate/internal/games/domain/session.go:264.40,267.2 2 0
github.com/dungeongate/internal/games/domain/session.go:270.64,278.2 2 0
github.com/dungeongate/internal/games/domain/session.go:281.72,288.2 2 0
github.com/dungeongate/internal/games/domain/session.go:291.74,292.22 1 0
github.com/dungeongate/internal/games/domain/session.go:292.22,294.3 1 0
github.com/dungeongate/internal/games/domain/session.go:297.2,297.41 1 0
github.com/dungeongate/internal/games/domain/session.go:297.41,298.33 1 0
github.com/dungeongate/internal/games/domain/session.go:298.33,300.4 1 0
github.com/dungeongate/internal/games/domain/session.go:303.2,311.12 4 0
github.com/dungeongate/internal/games/domain/session.go:315.54,316.41 1 0
github.com/dungeongate/internal/games/domain/session.go:316.41,317.33 1 0
github.com/dungeongate/internal/games/domain/session.go:317.33,319.9 2 0
github.com/dungeongate/internal/games/domain/session.go:322.2,322.26 1 0
github.com/dungeongate/internal/games/domain/session.go:326.52,328.2 1 0
github.com/dungeongate/internal/games/domain/session.go:331.44,333.41 2 0
github.com/dungeongate/internal/games/domain/session.go:333.41,334.25 1 0
github.com/dungeongate/internal/games/domain/session.go:334.25,336.4 1 0
github.com/dungeongate/internal/games/domain/session.go:338.2,338.14 1 0
github.com/dungeongate/internal/games/domain/session.go:342.51,344.2 1 0
github.com/dungeongate/internal/games/domain/session.go:347.61,350.2 2 0
github.com/dungeongate/internal/games/domain/session.go:353.49,355.2 1 0
github.com/dungeongate/internal/games/domain/session.go:358.54,360.2 1 0
github.com/dungeongate/internal/games/domain/session.go:363.54,365.2 1 0
github.com/dungeongate/internal/games/domain/session.go:368.45,370.2 1 0
github.com/dungeongate/internal/games/domain/session.go:373.45,375.2 1 0
github.com/dungeongate/internal/games/config/cleanup.go:12.95,17.52 3 1
github.com/dungeongate/internal/games/config/cleanup.go:17.52,18.29 1 1
github.com/dungeongate/internal/games/config/cleanup.go:18.29,19.48 1 1
github.com/dungeongate/internal/games/config/cleanup.go:19.48,21.5 1 0
github.com/dungeongate/internal/games/config/cleanup.go:22.4,22.64 1 1
github.com/dungeongate/internal/games/config/cleanup.go:24.3,24.30 1 1
github.com/dungeongate/internal/games/config/cleanup.go:28.2,28.29 1 1
github.com/dungeongate/internal/games/config/cleanup.go:28.29,29.51 1 0
github.com/dungeongate/internal/games/config/cleanup.go:29.51,31.4 1 0
github.com/dungeongate/internal/games/config/cleanup.go:35.2,35.25 1 1
github.com/dungeongate/internal/games/config/cleanup.go:35.25,36.48 1 0
github.com/dungeongate/internal/games/config/cleanup.go:36.48,38.4 1 0
github.com/dungeongate/internal/games/config/cleanup.go:42.2,42.30 1 1
github.com/dungeongate/internal/games/config/cleanup.go:42.30,43.56 1 0
github.com/dungeongate/internal/games/config/cleanup.go:43.56,45.4 1 0
github.com/dungeongate/internal/games/config/cleanup.go:49.2,49.29 1 1
github.com/dungeongate/internal/games/config/cleanup.go:49.29,50.62 1 1
github.com/dungeongate/internal/games/config/cleanup.go:50.62,52.4 1 0
github.com/dungeongate/internal/games/config/cleanup.go:55.2,55.12 1 1
github.com/dungeongate/internal/games/config/cleanup.go:59.69,61.16 2 0
github.com/dungeongate/internal/games/config/cleanup.go:61.16,63.3 1 0
github.com/dungeongate/internal/games/config/cleanup.go:65.2,65.37 1 0
github.com/dungeongate/internal/games/config/cleanup.go:65.37,66.45 1 0
github.com/dungeongate/internal/games/config/cleanup.go:66.45,68.12 2 0
github.com/dungeongate/internal/games/config/cleanup.go:70.3,70.54 1 0
github.com/dungeongate/internal/games/config/cleanup.go:73.2,73.12 1 0
github.com/dungeongate/internal/games/config/cleanup.go:77.80,88.31 3 1
github.com/dungeongate/internal/games/config/cleanup.go:88.31,90.17 2 1
github.com/dungeongate/internal/games/config/cleanup.go:90.17,91.12 1 1
github.com/dungeongate/internal/games/config/cleanup.go:94.3,94.33 1 1
github.com/dungeongate/internal/games/config/cleanup.go:94.33,95.88 1 1
github.com/dungeongate/internal/games/config/cleanup.go:95.88,97.5 1 0
github.com/dungeongate/internal/games/config/cleanup.go:101.2,101.23 1 1
github.com/dungeongate/internal/games/config/cleanup.go:105.66,108.16 2 0
github.com/dungeongate/internal/games/config/cleanup.go:108.16,110.3 1 0
github.com/dungeongate/internal/games/config/cleanup.go:112.2,112.25 1 0
github.com/dungeongate/internal/games/config/cleanup.go:112.25,115.3 2 0
github.com/dungeongate/internal/games/config/cleanup.go:118.2,119.53 2 0
github.com/dungeongate/internal/games/config/cleanup.go:119.53,121.3 1 0
github.com/dungeongate/internal/games/config/cleanup.go:124.2,124.37 1 0
github.com/dungeongate/internal/games/config/cleanup.go:124.37,126.59 2 0
github.com/dungeongate/internal/games/config/cleanup.go:126.59,128.12 2 0
github.com/dungeongate/internal/games/config/cleanup.go:130.3,130.74 1 0
github.com/dungeongate/internal/games/config/cleanup.go:133.2,133.12 1 0
github.com/dungeongate/internal/games/config/cleanup.go:137.80,144.39 4 0
github.com/dungeongate/internal/games/config/cleanup.go:144.39,146.17 2 0
github.com/dungeongate/internal/games/config/cleanup.go:146.17,147.12 1 0
github.com/dungeongate/internal/games/config/cleanup.go:150.3,150.33 1 0
github.com/dungeongate/internal/games/config/cleanup.go:150.33,151.90 1 0
github.com/dungeongate/internal/games/config/cleanup.go:151.90,153.5 1 0
github.com/dungeongate/internal/games/config/cleanup.go:157.2,157.23 1 0
github.com/dungeongate/internal/games/config/cleanup.go:161.65,163.16 2 0
github.com/dungeongate/internal/games/config/cleanup.go:163.16,165.3 1 0
github.com/dungeongate/internal/games/config/cleanup.go:166.2,169.16 3 0
github.com/dungeongate/internal/games/config/cleanup.go:169.16,171.3 1 0
github.com/dungeongate/internal/games/config/cleanup.go:172.2,175.16 3 0
github.com/dungeongate/internal/games/config/cleanup.go:175.16,177.3 1 0
github.com/dungeongate/internal/games/config/cleanup.go:180.2,181.6 2 0
github.com/dungeongate/internal/games/config/cleanup.go:181.6,183.41 2 0
github.com/dungeongate/internal/games/config/cleanup.go:183.41,184.9 1 0
github.com/dungeongate/internal/games/config/cleanup.go:186.3,186.17 1 0
github.com/dungeongate/internal/games/config/cleanup.go:186.17,188.4 1 0
github.com/dungeongate/internal/games/config/cleanup.go:190.3,190.55 1 0
github.com/dungeongate/internal/games/config/cleanup.go:190.55,192.4 1 0
github.com/dungeongate/internal/games/config/cleanup.go:196.2,196.42 1 0
github.com/dungeongate/internal/games/config/cleanup.go:200.74,203.16 2 0
github.com/dungeongate/internal/games/config/cleanup.go:203.16,205.3 1 0
github.com/dungeongate/internal/games/config/cleanup.go:207.2,207.35 1 0
github.com/dungeongate/internal/games/config/cleanup.go:207.35,212.17 3 0
github.com/dungeongate/internal/games/config/cleanup.go:212.17,214.4 1 0
github.com/dungeongate/internal/games/config/cleanup.go:217.3,217.33 1 0
github.com/dungeongate/internal/games/config/cleanup.go:217.33,218.40 1 0
github.com/dungeongate/internal/games/config/cleanup.go:218.40,220.47 2 0
github.com/dungeongate/internal/games/config/cleanup.go:220.47,221.48 1 0
github.com/dungeongate/internal/games/config/cleanup.go:221.48,223.7 1 0
github.com/dungeongate/internal/games/config/cleanup.go:224.6,224.55 1 0
github.com/dungeongate/internal/games/config/cleanup.go:230.2,230.12 1 0
github.com/dungeongate/internal/games/config/cleanup.go:234.80,236.46 1 1
github.com/dungeongate/internal/games/config/cleanup.go:236.46,238.3 1 0
github.com/dungeongate/internal/games/config/cleanup.go:241.2,241.60 1 1
github.com/dungeongate/internal/games/config/cleanup.go:241.60,243.3 1 0
github.com/dungeongate/internal/games/config/cleanup.go:243.8,243.31 1 1
github.com/dungeongate/internal/games/config/cleanup.go:243.31,245.3 1 0
github.com/dungeongate/internal/games/config/cleanup.go:248.2,248.67 1 1
github.com/dungeongate/internal/games/config/cleanup.go:248.67,250.3 1 0
github.com/dungeongate/internal/games/config/cleanup.go:250.8,250.30 1 1
github.com/dungeongate/internal/games/config/cleanup.go:250.30,252.3 1 0
github.com/dungeongate/internal/games/config/cleanup.go:254.2,255.12 2 1
github.com/dungeongate/internal/games/config/cleanup.go:259.88,263.16 3 1
github.com/dungeongate/internal/games/config/cleanup.go:263.16,265.3 1 0
github.com/dungeongate/internal/games/config/cleanup.go:267.2,267.35 1 1
github.com/dungeongate/internal/games/config/cleanup.go:267.35,270.17 3 0
github.com/dungeongate/internal/games/config/cleanup.go:270.17,272.4 1 0
github.com/dungeongate/internal/games/config/cleanup.go:274.3,274.33 1 0
github.com/dungeongate/internal/games/config/cleanup.go:274.33,275.82 1 0
github.com/dungeongate/internal/games/config/cleanup.go:275.82,277.5 1 0
github.com/dungeongate/internal/games/config/cleanup.go:281.2,281.22 1 1
github.com/dungeongate/internal/games/config/cleanup.go:285.84,292.43 5 0
github.com/dungeongate/internal/games/config/cleanup.go:292.43,294.17 2 0
github.com/dungeongate/internal/games/config/cleanup.go:294.17,295.26 1 0
github.com/dungeongate/internal/games/config/cleanup.go:295.26,298.5 1 0
github.com/dungeongate/internal/games/config/cleanup.go:299.4,299.12 1 0
github.com/dungeongate/internal/games/config/cleanup.go:302.3,302.39 1 0
github.com/dungeongate/internal/games/config/cleanup.go:302.39,304.48 1 0
github.com/dungeongate/internal/games/config/cleanup.go:304.48,306.13 2 0
github.com/dungeongate/internal/games/config/cleanup.go:308.4,309.45 2 0
github.com/dungeongate/internal/games/config/cleanup.go:314.2,314.37 1 0
github.com/dungeongate/internal/games/config/cleanup.go:314.37,316.3 1 0
github.com/dungeongate/internal/games/config/cleanup.go:318.2,318.12 1 0
github.com/dungeongate/internal/games/config/config.go:20.62,27.2 1 0
github.com/dungeongate/internal/games/config/config.go:30.106,33.57 2 0
github.com/dungeongate/internal/games/config/config.go:33.57,36.3 2 0
github.com/dungeongate/internal/games/config/config.go:39.2,40.16 2 0
github.com/dungeongate/internal/games/config/config.go:40.16,42.3 1 0
github.com/dungeongate/internal/games/config/config.go:45.2,45.27 1 0
github.com/dungeongate/internal/games/config/config.go:45.27,46.59 1 0
github.com/dungeongate/internal/games/config/config.go:46.59,48.4 1 0
github.com/dungeongate/internal/games/config/config.go:52.2,55.19 3 0
github.com/dungeongate/internal/games/config/config.go:59.81,61.2 1 0
github.com/dungeongate/internal/games/config/config.go:64.61,66.2 1 0
github.com/dungeongate/internal/games/config/config.go:69.68,72.2 2 0
github.com/dungeongate/internal/games/config/config.go:75.57,77.2 1 0
github.com/dungeongate/internal/games/config/config.go:80.70,82.2 1 0
github.com/dungeongate/internal/games/config/config.go:85.70,87.2 1 0
github.com/dungeongate/internal/games/config/config.go:98.64,108.2 3 0
github.com/dungeongate/internal/games/config/config.go:111.78,116.13 4 0
github.com/dungeongate/internal/games/config/config.go:116.13,118.3 1 0
github.com/dungeongate/internal/games/config/config.go:121.2,121.40 1 0
github.com/dungeongate/internal/games/config/config.go:121.40,123.3 1 0
github.com/dungeongate/internal/games/config/config.go:126.2,128.28 2 0
github.com/dungeongate/internal/games/config/config.go:132.78,151.2 6 0
github.com/dungeongate/internal/games/config/config.go:154.49,158.21 3 0
github.com/dungeongate/internal/games/config/config.go:158.21,160.3 1 0
github.com/dungeongate/internal/games/config/config.go:164.53,171.42 5 0
github.com/dungeongate/internal/games/config/config.go:171.42,172.33 1 0
github.com/dungeongate/internal/games/config/config.go:172.33,175.4 1 0
github.com/dungeongate/internal/games/config/config.go:175.9,178.4 1 0
github.com/dungeongate/internal/games/config/config.go:181.2,181.34 1 0
github.com/dungeongate/internal/games/config/config.go:185.60,190.35 4 0
github.com/dungeongate/internal/games/config/config.go:190.35,192.3 1 0
github.com/dungeongate/internal/games/config/config.go:194.2,198.3 1 0
github.com/dungeongate/internal/games/config/directory_manager.go:23.88,32.2 1 1
github.com/dungeongate/internal/games/config/directory_manager.go:35.71,40.50 4 1
github.com/dungeongate/internal/games/config/directory_manager.go:40.50,42.3 1 1
github.com/dungeongate/internal/games/config/directory_manager.go:45.2,58.17 4 1
github.com/dungeongate/internal/games/config/directory_manager.go:62.125,68.31 4 1
github.com/dungeongate/internal/games/config/directory_manager.go:68.31,70.17 2 0
github.com/dungeongate/internal/games/config/directory_manager.go:70.17,72.4 1 0
github.com/dungeongate/internal/games/config/directory_manager.go:76.2,76.28 1 1
github.com/dungeongate/internal/games/config/directory_manager.go:76.28,77.60 1 1
github.com/dungeongate/internal/games/config/directory_manager.go:77.60,79.4 1 0
github.com/dungeongate/internal/games/config/directory_manager.go:83.2,84.51 2 1
github.com/dungeongate/internal/games/config/directory_manager.go:84.51,86.3 1 0
github.com/dungeongate/internal/games/config/directory_manager.go:88.2,107.29 2 1
github.com/dungeongate/internal/games/config/directory_manager.go:107.29,108.64 1 0
github.com/dungeongate/internal/games/config/directory_manager.go:108.64,110.4 1 0
github.com/dungeongate/internal/games/config/directory_manager.go:114.2,114.31 1 1
github.com/dungeongate/internal/games/config/directory_manager.go:114.31,115.56 1 1
github.com/dungeongate/internal/games/config/directory_manager.go:115.56,117.4 1 0
github.com/dungeongate/internal/games/config/directory_manager.go:121.2,121.28 1 1
github.com/dungeongate/internal/games/config/directory_manager.go:121.28,122.53 1 1
github.com/dungeongate/internal/games/config/directory_manager.go:122.53,124.4 1 0
github.com/dungeongate/internal/games/config/directory_manager.go:128.2,132.19 4 1
github.com/dungeongate/internal/games/config/directory_manager.go:136.85,147.27 2 1
github.com/dungeongate/internal/games/config/directory_manager.go:147.27,148.48 1 1
github.com/dungeongate/internal/games/config/directory_manager.go:148.48,150.4 1 0
github.com/dungeongate/internal/games/config/directory_manager.go:153.2,153.12 1 1
github.com/dungeongate/internal/games/config/directory_manager.go:157.118,158.24 1 1
github.com/dungeongate/internal/games/config/directory_manager.go:158.24,160.3 1 1
github.com/dungeongate/internal/games/config/directory_manager.go:162.2,162.18 1 0
github.com/dungeongate/internal/games/config/directory_manager.go:163.18,164.33 1 0
github.com/dungeongate/internal/games/config/directory_manager.go:164.33,166.4 1 0
github.com/dungeongate/internal/games/config/directory_manager.go:167.17,168.36 1 0
github.com/dungeongate/internal/games/config/directory_manager.go:168.36,170.4 1 0
github.com/dungeongate/internal/games/config/directory_manager.go:171.17,172.36 1 0
github.com/dungeongate/internal/games/config/directory_manager.go:172.36,174.4 1 0
github.com/dungeongate/internal/games/config/directory_manager.go:175.18,176.33 1 0
github.com/dungeongate/internal/games/config/directory_manager.go:176.33,178.4 1 0
github.com/dungeongate/internal/games/config/directory_manager.go:179.20,180.35 1 0
github.com/dungeongate/internal/games/config/directory_manager.go:180.35,182.4 1 0
github.com/dungeongate/internal/games/config/directory_manager.go:185.2,185.21 1 0
github.com/dungeongate/internal/games/config/directory_manager.go:189.103,195.50 3 0
github.com/dungeongate/internal/games/config/directory_manager.go:195.50,196.49 1 0
github.com/dungeongate/internal/games/config/directory_manager.go:196.49,198.4 1 0
github.com/dungeongate/internal/games/config/directory_manager.go:202.2,202.67 1 0
github.com/dungeongate/internal/games/config/directory_manager.go:202.67,204.3 1 0
github.com/dungeongate/internal/games/config/directory_manager.go:206.2,206.12 1 0
github.com/dungeongate/internal/games/config/directory_manager.go:210.81,215.50 2 1
github.com/dungeongate/internal/games/config/directory_manager.go:215.50,218.3 2 0
github.com/dungeongate/internal/games/config/directory_manager.go:221.2,231.81 2 1
github.com/dungeongate/internal/games/config/directory_manager.go:231.81,233.3 1 0
github.com/dungeongate/internal/games/config/directory_manager.go:235.2,236.12 2 1
github.com/dungeongate/internal/games/config/directory_manager.go:240.78,251.27 2 1
github.com/dungeongate/internal/games/config/directory_manager.go:251.27,252.45 1 1
github.com/dungeongate/internal/games/config/directory_manager.go:252.45,254.4 1 0
github.com/dungeongate/internal/games/config/directory_manager.go:257.2,257.12 1 1
github.com/dungeongate/internal/games/config/path_detector.go:13.38,15.2 1 1
github.com/dungeongate/internal/games/config/path_detector.go:18.75,21.16 3 1
github.com/dungeongate/internal/games/config/path_detector.go:21.16,23.3 1 0
github.com/dungeongate/internal/games/config/path_detector.go:25.2,28.29 3 1
github.com/dungeongate/internal/games/config/path_detector.go:28.29,32.65 2 1
github.com/dungeongate/internal/games/config/path_detector.go:32.65,33.41 1 1
github.com/dungeongate/internal/games/config/path_detector.go:33.41,35.5 1 1
github.com/dungeongate/internal/games/config/path_detector.go:35.10,35.49 1 1
github.com/dungeongate/internal/games/config/path_detector.go:35.49,37.5 1 1
github.com/dungeongate/internal/games/config/path_detector.go:37.10,37.48 1 1
github.com/dungeongate/internal/games/config/path_detector.go:37.48,39.5 1 1
github.com/dungeongate/internal/games/config/path_detector.go:39.10,39.49 1 1
github.com/dungeongate/internal/games/config/path_detector.go:39.49,41.5 1 1
github.com/dungeongate/internal/games/config/path_detector.go:41.10,41.48 1 1
github.com/dungeongate/internal/games/config/path_detector.go:41.48,43.5 1 1
github.com/dungeongate/internal/games/config/path_detector.go:43.10,43.49 1 1
github.com/dungeongate/internal/games/config/path_detector.go:43.49,45.5 1 1
github.com/dungeongate/internal/games/config/path_detector.go:45.10,45.48 1 1
github.com/dungeongate/internal/games/config/path_detector.go:45.48,47.5 1 1
github.com/dungeongate/internal/games/config/path_detector.go:47.10,47.50 1 1
github.com/dungeongate/internal/games/config/path_detector.go:47.50,49.5 1 1
github.com/dungeongate/internal/games/config/path_detector.go:49.10,49.51 1 1
github.com/dungeongate/internal/games/config/path_detector.go:49.51,51.5 1 1
github.com/dungeongate/internal/games/config/path_detector.go:55.3,55.58 1 1
github.com/dungeongate/internal/games/config/path_detector.go:55.58,56.46 1 1
github.com/dungeongate/internal/games/config/path_detector.go:56.46,57.49 1 0
github.com/dungeongate/internal/games/config/path_detector.go:57.49,59.6 1 0
github.com/dungeongate/internal/games/config/path_detector.go:61.9,61.61 1 1
github.com/dungeongate/internal/games/config/path_detector.go:61.61,62.46 1 1
github.com/dungeongate/internal/games/config/path_detector.go:62.46,63.49 1 0
github.com/dungeongate/internal/games/config/path_detector.go:63.49,65.6 1 0
github.com/dungeongate/internal/games/config/path_detector.go:67.9,67.56 1 1
github.com/dungeongate/internal/games/config/path_detector.go:67.56,68.46 1 1
github.com/dungeongate/internal/games/config/path_detector.go:68.46,69.49 1 0
github.com/dungeongate/internal/games/config/path_detector.go:69.49,71.6 1 0
github.com/dungeongate/internal/games/config/path_detector.go:73.9,73.67 1 1
github.com/dungeongate/internal/games/config/path_detector.go:73.67,74.46 1 1
github.com/dungeongate/internal/games/config/path_detector.go:74.46,75.49 1 0
github.com/dungeongate/internal/games/config/path_detector.go:75.49,77.6 1 0
github.com/dungeongate/internal/games/config/path_detector.go:82.2,82.19 1 1
github.com/dungeongate/internal/games/config/path_detector.go:86.60,87.45 1 1
github.com/dungeongate/internal/games/config/path_detector.go:87.45,88.47 1 1
github.com/dungeongate/internal/games/config/path_detector.go:88.47,90.26 2 1
github.com/dungeongate/internal/games/config/path_detector.go:90.26,92.5 1 1
github.com/dungeongate/internal/games/config/path_detector.go:93.4,93.16 1 1
github.com/dungeongate/internal/games/config/path_detector.go:96.2,96.11 1 1
github.com/dungeongate/internal/games/config/types.go:92.42,94.2 1 1
github.com/dungeongate/internal/games/config/validator.go:23.70,53.2 13 1
github.com/dungeongate/internal/games/config/validator.go:56.75,61.44 3 1
github.com/dungeongate/internal/games/config/validator.go:61.44,65.18 3 1
github.com/dungeongate/internal/games/config/validator.go:65.18,67.38 1 1
github.com/dungeongate/internal/games/config/validator.go:67.38,78.5 1 1
github.com/dungeongate/internal/games/config/validator.go:79.4,79.12 1 1
github.com/dungeongate/internal/games/config/validator.go:83.3,83.66 1 1
github.com/dungeongate/internal/games/config/validator.go:83.66,84.43 1 1
github.com/dungeongate/internal/games/config/validator.go:84.43,96.5 1 0
github.com/dungeongate/internal/games/config/validator.go:101.2,101.49 1 1
github.com/dungeongate/internal/games/config/validator.go:101.49,102.42 1 1
github.com/dungeongate/internal/games/config/validator.go:102.42,104.4 1 0
github.com/dungeongate/internal/games/config/validator.go:107.2,107.12 1 1
github.com/dungeongate/internal/games/config/validator.go:111.70,112.45 1 1
github.com/dungeongate/internal/games/config/validator.go:112.45,113.27 1 1
github.com/dungeongate/internal/games/config/validator.go:113.27,115.4 1 1
github.com/dungeongate/internal/games/config/validator.go:117.2,117.14 1 1
github.com/dungeongate/internal/games/config/validator.go:121.78,124.16 2 1
github.com/dungeongate/internal/games/config/validator.go:124.16,125.25 1 0
github.com/dungeongate/internal/games/config/validator.go:125.25,127.50 1 0
github.com/dungeongate/internal/games/config/validator.go:127.50,129.5 1 0
github.com/dungeongate/internal/games/config/validator.go:130.9,132.4 1 0
github.com/dungeongate/internal/games/config/validator.go:133.8,133.26 1 1
github.com/dungeongate/internal/games/config/validator.go:133.26,135.3 1 0
github.com/dungeongate/internal/games/config/validator.go:138.2,139.69 2 1
github.com/dungeongate/internal/games/config/validator.go:139.69,141.3 1 0
github.com/dungeongate/internal/games/config/validator.go:144.2,146.12 2 1
github.com/dungeongate/internal/games/config/validator.go:150.78,152.16 2 0
github.com/dungeongate/internal/games/config/validator.go:152.16,154.3 1 0
github.com/dungeongate/internal/games/config/validator.go:156.2,156.19 1 0
github.com/dungeongate/internal/games/config/validator.go:156.19,158.3 1 0
github.com/dungeongate/internal/games/config/validator.go:161.2,162.16 2 0
github.com/dungeongate/internal/games/config/validator.go:162.16,164.3 1 0
github.com/dungeongate/internal/games/config/validator.go:166.2,168.12 2 0
github.com/dungeongate/internal/games/config/validator.go:172.73,174.16 2 0
github.com/dungeongate/internal/games/config/validator.go:174.16,176.3 1 0
github.com/dungeongate/internal/games/config/validator.go:178.2,178.18 1 0
github.com/dungeongate/internal/games/config/validator.go:178.18,180.3 1 0
github.com/dungeongate/internal/games/config/validator.go:183.2,184.16 2 0
github.com/dungeongate/internal/games/config/validator.go:184.16,186.3 1 0
github.com/dungeongate/internal/games/config/validator.go:187.2,189.12 2 0
github.com/dungeongate/internal/games/config/validator.go:193.80,196.35 2 1
github.com/dungeongate/internal/games/config/validator.go:196.35,197.17 1 1
github.com/dungeongate/internal/games/config/validator.go:197.17,198.12 1 1
github.com/dungeongate/internal/games/config/validator.go:201.3,201.42 1 0
github.com/dungeongate/internal/games/config/validator.go:201.42,204.4 1 0
github.com/dungeongate/internal/games/config/validator.go:207.2,207.12 1 1
github.com/dungeongate/internal/games/config/validator.go:211.78,214.33 2 1
github.com/dungeongate/internal/games/config/validator.go:214.33,215.17 1 1
github.com/dungeongate/internal/games/config/validator.go:215.17,216.12 1 1
github.com/dungeongate/internal/games/config/validator.go:220.3,220.29 1 1
github.com/dungeongate/internal/games/config/validator.go:220.29,231.4 1 0
github.com/dungeongate/internal/games/config/validator.go:234.2,234.12 1 1
github.com/dungeongate/internal/games/config/validator.go:238.64,251.40 2 1
github.com/dungeongate/internal/games/config/validator.go:251.40,252.38 1 1
github.com/dungeongate/internal/games/config/validator.go:252.38,254.4 1 0
github.com/dungeongate/internal/games/config/validator.go:257.2,257.14 1 1
github.com/dungeongate/internal/games/config/validator.go:261.84,272.40 2 1
github.com/dungeongate/internal/games/config/validator.go:272.40,273.17 1 1
github.com/dungeongate/internal/games/config/validator.go:273.17,274.12 1 1
github.com/dungeongate/internal/games/config/validator.go:278.3,279.17 2 1
github.com/dungeongate/internal/games/config/validator.go:279.17,280.12 1 0
github.com/dungeongate/internal/games/config/validator.go:284.3,284.35 1 1
github.com/dungeongate/internal/games/config/validator.go:284.35,295.4 1 0
github.com/dungeongate/internal/games/config/validator.go:298.2,298.12 1 1
github.com/dungeongate/internal/games/config/validator.go:302.78,306.33 2 1
github.com/dungeongate/internal/games/config/validator.go:306.33,307.17 1 1
github.com/dungeongate/internal/games/config/validator.go:307.17,308.12 1 1
github.com/dungeongate/internal/games/config/validator.go:312.3,313.53 2 1
github.com/dungeongate/internal/games/config/validator.go:313.53,315.12 2 0
github.com/dungeongate/internal/games/config/validator.go:319.3,324.37 3 1
github.com/dungeongate/internal/games/config/validator.go:324.37,336.4 1 0
github.com/dungeongate/internal/games/config/validator.go:339.2,339.12 1 1
github.com/dungeongate/internal/session/server/grpc.go:28.73,40.2 4 0
github.com/dungeongate/internal/session/server/grpc.go:43.55,47.16 3 0
github.com/dungeongate/internal/session/server/grpc.go:47.16,49.3 1 0
github.com/dungeongate/internal/session/server/grpc.go:51.2,53.12 2 0
github.com/dungeongate/internal/session/server/grpc.go:53.12,54.50 1 0
github.com/dungeongate/internal/session/server/grpc.go:54.50,56.4 1 0
github.com/dungeongate/internal/session/server/grpc.go:59.2,59.12 1 0
github.com/dungeongate/internal/session/server/grpc.go:63.54,64.21 1 0
github.com/dungeongate/internal/session/server/grpc.go:64.21,67.3 2 0
github.com/dungeongate/internal/session/server/grpc.go:68.2,68.12 1 0
github.com/dungeongate/internal/session/server/http.go:28.106,34.2 1 0
github.com/dungeongate/internal/session/server/http.go:37.55,53.12 8 0
github.com/dungeongate/internal/session/server/http.go:53.12,54.82 1 0
github.com/dungeongate/internal/session/server/http.go:54.82,56.4 1 0
github.com/dungeongate/internal/session/server/http.go:59.2,59.12 1 0
github.com/dungeongate/internal/session/server/http.go:63.54,64.21 1 0
github.com/dungeongate/internal/session/server/http.go:64.21,67.3 2 0
github.com/dungeongate/internal/session/server/http.go:68.2,68.12 1 0
github.com/dungeongate/internal/session/server/http.go:72.76,80.2 3 0
github.com/dungeongate/internal/session/server/http.go:83.75,84.26 1 0
github.com/dungeongate/internal/session/server/http.go:84.26,87.3 2 0
github.com/dungeongate/internal/session/server/http.go:89.2,92.34 3 0
github.com/dungeongate/internal/session/server/http.go:96.81,97.26 1 0
github.com/dungeongate/internal/session/server/http.go:97.26,100.3 2 0
github.com/dungeongate/internal/session/server/http.go:102.2,114.37 4 0
github.com/dungeongate/internal/session/server/ssh.go:36.141,57.16 8 0
github.com/dungeongate/internal/session/server/ssh.go:57.16,59.3 1 0
github.com/dungeongate/internal/session/server/ssh.go:60.2,70.20 3 0
github.com/dungeongate/internal/session/server/ssh.go:74.54,78.16 3 0
github.com/dungeongate/internal/session/server/ssh.go:78.16,80.3 1 0
github.com/dungeongate/internal/session/server/ssh.go:81.2,86.49 3 0
github.com/dungeongate/internal/session/server/ssh.go:86.49,88.3 1 0
github.com/dungeongate/internal/session/server/ssh.go:91.2,93.12 2 0
github.com/dungeongate/internal/session/server/ssh.go:97.53,98.23 1 0
github.com/dungeongate/internal/session/server/ssh.go:98.23,101.3 2 0
github.com/dungeongate/internal/session/server/ssh.go:102.2,102.12 1 0
github.com/dungeongate/internal/session/server/ssh.go:106.60,107.6 1 0
github.com/dungeongate/internal/session/server/ssh.go:107.6,108.10 1 0
github.com/dungeongate/internal/session/server/ssh.go:109.21,110.10 1 0
github.com/dungeongate/internal/session/server/ssh.go:111.11,113.18 2 0
github.com/dungeongate/internal/session/server/ssh.go:113.18,115.13 2 0
github.com/dungeongate/internal/session/server/ssh.go:119.4,119.57 1 0
github.com/dungeongate/internal/session/server/ssh.go:125.44,127.16 2 0
github.com/dungeongate/internal/session/server/ssh.go:127.16,129.3 1 0
github.com/dungeongate/internal/session/server/ssh.go:131.2,132.16 2 0
github.com/dungeongate/internal/session/server/ssh.go:132.16,134.3 1 0
github.com/dungeongate/internal/session/server/ssh.go:136.2,136.20 1 0
github.com/dungeongate/pkg/api/auth/v1/auth_service.pb.go:39.32,44.2 4 0
github.com/dungeongate/pkg/api/auth/v1/auth_service.pb.go:46.40,48.2 1 0
github.com/dungeongate/pkg/api/auth/v1/auth_service.pb.go:50.38,50.39 0 0
github.com/dungeongate/pkg/api/auth/v1/auth_service.pb.go:52.60,54.14 2 0
github.com/dungeongate/pkg/api/auth/v1/auth_service.pb.go:54.14,56.34 2 0
github.com/dungeongate/pkg/api/auth/v1/auth_service.pb.go:56.34,58.4 1 0
github.com/dungeongate/pkg/api/auth/v1/auth_service.pb.go:59.3,59.12 1 0
github.com/dungeongate/pkg/api/auth/v1/auth_service.pb.go:61.2,61.24 1 0
github.com/dungeongate/pkg/api/auth/v1/auth_service.pb.go:65.51,67.2 1 0
github.com/dungeongate/pkg/api/auth/v1/auth_service.pb.go:69.45,70.14 1 0
[...]
github.com/dungeongate/internal/games/infrastructure/repository/session_repository.go:266.16,268.3 1 0
github.com/dungeongate/internal/games/infrastructure/repository/session_repository.go:269.2,272.18 3 0
github.com/dungeongate/internal/games/infrastructure/repository/session_repository.go:272.18,274.17 2 0
github.com/dungeongate/internal/games/infrastructure/repository/session_repository.go:274.17,276.4 1 0
github.com/dungeongate/internal/games/infrastructure/repository/session_repository.go:277.3,277.39 1 0
github.com/dungeongate/internal/games/infrastructure/repository/session_repository.go:280.2,280.35 1 0
github.com/dungeongate/internal/games/infrastructure/repository/session_repository.go:280.35,282.3 1 0
github.com/dungeongate/internal/games/infrastructure/repository/session_repository.go:284.2,284.22 1 0
github.com/dungeongate/internal/games/infrastructure/repository/session_repository.go:287.119,298.16 3 0
github.com/dungeongate/internal/games/infrastructure/repository/session_repository.go:298.16,300.3 1 0
github.com/dungeongate/internal/games/infrastructure/repository/session_repository.go:301.2,304.18 3 0
github.com/dungeongate/internal/games/infrastructure/repository/session_repository.go:304.18,306.17 2 0
github.com/dungeongate/internal/games/infrastructure/repository/session_repository.go:306.17,308.4 1 0
github.com/dungeongate/internal/games/infrastructure/repository/session_repository.go:309.3,309.39 1 0
github.com/dungeongate/internal/games/infrastructure/repository/session_repository.go:312.2,312.35 1 0
github.com/dungeongate/internal/games/infrastructure/repository/session_repository.go:312.35,314.3 1 0
github.com/dungeongate/internal/games/infrastructure/repository/session_repository.go:316.2,316.22 1 0
github.com/dungeongate/internal/games/infrastructure/repository/session_repository.go:319.95,322.16 3 0
github.com/dungeongate/internal/games/infrastructure/repository/session_repository.go:322.16,324.3 1 0
github.com/dungeongate/internal/games/infrastructure/repository/session_repository.go:325.2,325.12 1 0
github.com/dungeongate/internal/games/infrastructure/repository/session_repository.go:328.117,337.16 4 0
github.com/dungeongate/internal/games/infrastructure/repository/session_repository.go:337.16,339.3 1 0
github.com/dungeongate/internal/games/infrastructure/repository/session_repository.go:341.2,342.16 2 0
github.com/dungeongate/internal/games/infrastructure/repository/session_repository.go:342.16,344.3 1 0
github.com/dungeongate/internal/games/infrastructure/repository/session_repository.go:346.2,346.31 1 0
github.com/dungeongate/internal/games/infrastructure/repository/session_repository.go:349.94,376.16 11 0
github.com/dungeongate/internal/games/infrastructure/repository/session_repository.go:376.16,377.27 1 0
github.com/dungeongate/internal/games/infrastructure/repository/session_repository.go:377.27,379.4 1 0
github.com/dungeongate/internal/games/infrastructure/repository/session_repository.go:380.3,380.65 1 0
github.com/dungeongate/internal/games/infrastructure/repository/session_repository.go:383.2,383.133 1 0
github.com/dungeongate/internal/games/infrastructure/repository/session_repository.go:386.104,413.16 11 0
github.com/dungeongate/internal/games/infrastructure/repository/session_repository.go:413.16,415.3 1 0
github.com/dungeongate/internal/games/infrastructure/repository/session_repository.go:417.2,417.133 1 0
github.com/dungeongate/internal/games/infrastructure/repository/session_repository.go:420.265,433.21 2 0
github.com/dungeongate/internal/games/infrastructure/repository/session_repository.go:433.21,436.18 3 0
github.com/dungeongate/internal/games/infrastructure/repository/session_repository.go:436.18,438.4 1 0
github.com/dungeongate/internal/games/infrastructure/repository/session_repository.go:439.3,442.5 1 0
github.com/dungeongate/internal/games/infrastructure/repository/session_repository.go:446.2,446.19 1 0
github.com/dungeongate/internal/games/infrastructure/repository/session_repository.go:446.19,448.3 1 0
github.com/dungeongate/internal/games/infrastructure/repository/session_repository.go:450.2,450.21 1 0
github.com/dungeongate/internal/session/connection/handler.go:24.127,31.2 1 1
github.com/dungeongate/internal/session/connection/handler.go:34.98,39.18 3 1
github.com/dungeongate/internal/session/connection/handler.go:39.18,42.3 2 1
github.com/dungeongate/internal/session/connection/handler.go:43.2,47.16 3 1
github.com/dungeongate/internal/session/connection/handler.go:47.16,50.3 2 1
github.com/dungeongate/internal/session/connection/handler.go:51.2,60.54 5 0
github.com/dungeongate/internal/session/connection/handler.go:64.96,65.24 1 0
github.com/dungeongate/internal/session/connection/handler.go:65.24,68.19 2 0
github.com/dungeongate/internal/session/connection/handler.go:69.20,71.21 1 0
github.com/dungeongate/internal/session/connection/handler.go:71.21,73.5 1 0
github.com/dungeongate/internal/session/connection/handler.go:74.11,76.21 1 0
github.com/dungeongate/internal/session/connection/handler.go:76.21,78.5 1 0
github.com/dungeongate/internal/session/connection/handler.go:84.109,85.32 1 0
github.com/dungeongate/internal/session/connection/handler.go:85.32,88.35 2 0
github.com/dungeongate/internal/session/connection/handler.go:89.18,90.64 1 0
github.com/dungeongate/internal/session/connection/handler.go:91.11,92.69 1 0
github.com/dungeongate/internal/session/connection/handler.go:98.113,100.16 2 0
github.com/dungeongate/internal/session/connection/handler.go:100.16,103.3 2 0
github.com/dungeongate/internal/session/connection/handler.go:104.2,111.28 5 0
github.com/dungeongate/internal/session/connection/handler.go:111.28,112.19 1 0
github.com/dungeongate/internal/session/connection/handler.go:113.18,115.28 1 0
github.com/dungeongate/internal/session/connection/handler.go:115.28,117.5 1 0
github.com/dungeongate/internal/session/connection/handler.go:118.4,118.24 1 0
github.com/dungeongate/internal/session/connection/handler.go:120.16,126.18 3 0
github.com/dungeongate/internal/session/connection/handler.go:126.18,130.5 3 0
github.com/dungeongate/internal/session/connection/handler.go:133.4,141.18 5 0
github.com/dungeongate/internal/session/connection/handler.go:141.18,145.5 3 0
github.com/dungeongate/internal/session/connection/handler.go:147.4,155.51 4 0
github.com/dungeongate/internal/session/connection/handler.go:157.24,159.47 1 0
github.com/dungeongate/internal/session/connection/handler.go:159.47,163.5 2 0
github.com/dungeongate/internal/session/connection/handler.go:164.4,164.24 1 0
github.com/dungeongate/internal/session/connection/handler.go:166.11,168.25 1 0
github.com/dungeongate/internal/session/connection/handler.go:173.2,173.21 1 0
github.com/dungeongate/internal/session/connection/handler.go:173.21,175.17 2 0
github.com/dungeongate/internal/session/connection/handler.go:175.17,177.4 1 0
github.com/dungeongate/internal/session/connection/handler.go:182.91,186.16 2 0
github.com/dungeongate/internal/session/connection/handler.go:186.16,188.3 1 0
github.com/dungeongate/internal/session/connection/handler.go:189.2,189.23 1 0
github.com/dungeongate/internal/session/connection/handler.go:193.100,208.6 5 0
github.com/dungeongate/internal/session/connection/handler.go:208.6,210.17 2 0
github.com/dungeongate/internal/session/connection/handler.go:210.17,212.9 2 0
github.com/dungeongate/internal/session/connection/handler.go:216.3,216.28 1 0
github.com/dungeongate/internal/session/connection/handler.go:219.2,219.92 1 0
github.com/dungeongate/internal/session/connection/handler.go:223.62,225.22 1 1
github.com/dungeongate/internal/session/connection/handler.go:225.22,227.3 1 1
github.com/dungeongate/internal/session/connection/handler.go:230.2,230.22 1 1
github.com/dungeongate/internal/session/connection/handler.go:230.22,232.3 1 0
github.com/dungeongate/internal/session/connection/handler.go:234.2,235.36 2 1
github.com/dungeongate/internal/session/connection/handler.go:235.36,237.3 1 0
github.com/dungeongate/internal/session/connection/handler.go:239.2,243.19 4 1
github.com/dungeongate/internal/session/connection/handler.go:247.64,248.22 1 1
github.com/dungeongate/internal/session/connection/handler.go:248.22,250.3 1 1
github.com/dungeongate/internal/session/connection/handler.go:252.2,255.19 3 1
github.com/dungeongate/internal/session/connection/handler.go:265.86,270.2 1 1
github.com/dungeongate/internal/session/connection/handler.go:273.106,279.16 4 1
github.com/dungeongate/internal/session/connection/handler.go:279.16,282.3 2 1
github.com/dungeongate/internal/session/connection/handler.go:285.2,294.25 3 0
github.com/dungeongate/internal/session/connection/handler.go:298.109,303.2 2 1
github.com/dungeongate/internal/session/connection/manager.go:40.67,45.2 1 1
github.com/dungeongate/internal/session/connection/manager.go:48.52,55.2 3 1
github.com/dungeongate/internal/session/connection/manager.go:58.51,62.56 2 1
github.com/dungeongate/internal/session/connection/manager.go:62.56,66.3 3 1
github.com/dungeongate/internal/session/connection/manager.go:68.2,68.12 1 1
github.com/dungeongate/internal/session/connection/manager.go:72.60,77.51 3 1
github.com/dungeongate/internal/session/connection/manager.go:77.51,81.3 3 1
github.com/dungeongate/internal/session/connection/manager.go:84.2,85.33 2 1
github.com/dungeongate/internal/session/connection/manager.go:85.33,89.3 3 1
github.com/dungeongate/internal/session/connection/manager.go:92.2,109.15 6 1
github.com/dungeongate/internal/session/connection/manager.go:113.55,114.18 1 1
github.com/dungeongate/internal/session/connection/manager.go:114.18,116.3 1 1
github.com/dungeongate/internal/session/connection/manager.go:119.2,119.74 1 1
github.com/dungeongate/internal/session/connection/manager.go:119.74,124.66 3 1
github.com/dungeongate/internal/session/connection/manager.go:124.66,127.27 3 1
github.com/dungeongate/internal/session/connection/manager.go:127.27,129.5 1 1
github.com/dungeongate/internal/session/connection/manager.go:130.4,130.25 1 1
github.com/dungeongate/internal/session/connection/manager.go:134.3,136.68 2 1
github.com/dungeongate/internal/session/connection/manager.go:141.100,142.65 1 1
github.com/dungeongate/internal/session/connection/manager.go:142.65,149.3 5 1
github.com/dungeongate/internal/session/connection/manager.go:153.74,154.65 1 1
github.com/dungeongate/internal/session/connection/manager.go:154.65,157.3 2 1
github.com/dungeongate/internal/session/connection/manager.go:158.2,158.19 1 1
github.com/dungeongate/internal/session/connection/manager.go:162.53,172.56 2 1
github.com/dungeongate/internal/session/connection/manager.go:172.56,177.30 3 1
github.com/dungeongate/internal/session/connection/manager.go:177.30,179.4 1 1
github.com/dungeongate/internal/session/connection/manager.go:181.3,184.14 3 1
github.com/dungeongate/internal/session/connection/manager.go:187.2,187.14 1 1
github.com/dungeongate/internal/session/connection/manager.go:191.56,206.25 6 1
github.com/dungeongate/internal/session/connection/manager.go:206.25,208.3 1 0
github.com/dungeongate/internal/session/connection/manager.go:211.2,211.69 1 1
github.com/dungeongate/internal/session/connection/manager.go:211.69,213.3 1 1
github.com/dungeongate/internal/session/connection/manager.go:215.2,218.13 3 1
github.com/dungeongate/internal/session/connection/manager.go:222.52,226.6 3 1
github.com/dungeongate/internal/session/connection/manager.go:226.6,227.10 1 1
github.com/dungeongate/internal/session/connection/manager.go:228.21,229.10 1 1
github.com/dungeongate/internal/session/connection/manager.go:230.19,231.15 1 0
github.com/dungeongate/internal/session/connection/manager.go:237.29,242.56 3 1
github.com/dungeongate/internal/session/connection/manager.go:242.56,244.46 2 1
github.com/dungeongate/internal/session/connection/manager.go:244.46,247.4 2 1
github.com/dungeongate/internal/session/connection/manager.go:248.3,248.14 1 1
github.com/dungeongate/internal/session/connection/manager.go:252.2,252.60 1 1
github.com/dungeongate/internal/session/connection/manager.go:252.60,258.19 5 1
github.com/dungeongate/internal/session/connection/manager.go:258.19,260.4 1 0
github.com/dungeongate/internal/session/connection/manager.go:261.3,261.14 1 1
github.com/dungeongate/internal/session/connection/manager.go:266.42,267.26 1 1
github.com/dungeongate/internal/session/connection/manager.go:268.20,269.23 1 1
github.com/dungeongate/internal/session/connection/manager.go:270.20,271.23 1 1
github.com/dungeongate/internal/session/connection/manager.go:272.10,275.37 2 1
github.com/dungeongate/internal/session/connection/manager.go:275.37,278.4 2 1
github.com/dungeongate/internal/session/connection/manager.go:279.3,279.17 1 1
github.com/dungeongate/internal/user/user.go:115.132,123.51 2 0
github.com/dungeongate/internal/user/user.go:123.51,125.3 1 0
github.com/dungeongate/internal/user/user.go:127.2,127.21 1 0
github.com/dungeongate/internal/user/user.go:131.44,155.32 2 0
github.com/dungeongate/internal/user/user.go:155.32,156.45 1 0
github.com/dungeongate/internal/user/user.go:156.45,158.4 1 0
github.com/dungeongate/internal/user/user.go:161.2,161.12 1 0
github.com/dungeongate/internal/user/user.go:165.110,167.67 1 0
github.com/dungeongate/internal/user/user.go:167.67,173.3 1 0
github.com/dungeongate/internal/user/user.go:176.2,176.68 1 0
github.com/dungeongate/internal/user/user.go:176.68,178.3 1 0
github.com/dungeongate/internal/user/user.go:178.8,178.19 1 0
github.com/dungeongate/internal/user/user.go:178.19,186.3 1 0
github.com/dungeongate/internal/user/user.go:189.2,190.16 2 0
github.com/dungeongate/internal/user/user.go:190.16,192.3 1 0
github.com/dungeongate/internal/user/user.go:195.2,219.16 5 0
github.com/dungeongate/internal/user/user.go:219.16,221.3 1 0
github.com/dungeongate/internal/user/user.go:223.2,224.16 2 0
github.com/dungeongate/internal/user/user.go:224.16,226.3 1 0
github.com/dungeongate/internal/user/user.go:227.2,233.8 2 0
github.com/dungeongate/internal/user/user.go:237.91,241.81 2 0
github.com/dungeongate/internal/user/user.go:241.81,243.3 1 0
github.com/dungeongate/internal/user/user.go:246.2,246.81 1 0
github.com/dungeongate/internal/user/user.go:246.81,248.3 1 0
github.com/dungeongate/internal/user/user.go:251.2,251.41 1 0
github.com/dungeongate/internal/user/user.go:251.41,257.3 1 0
github.com/dungeongate/internal/user/user.go:260.2,260.21 1 0
github.com/dungeongate/internal/user/user.go:260.21,261.70 1 0
github.com/dungeongate/internal/user/user.go:261.70,263.4 1 0
github.com/dungeongate/internal/user/user.go:266.2,266.15 1 0
github.com/dungeongate/internal/user/user.go:270.71,273.20 2 0
github.com/dungeongate/internal/user/user.go:273.20,280.3 2 0
github.com/dungeongate/internal/user/user.go:282.2,282.23 1 0
github.com/dungeongate/internal/user/user.go:282.23,288.3 1 0
github.com/dungeongate/internal/user/user.go:290.2,290.24 1 0
github.com/dungeongate/internal/user/user.go:290.24,296.3 1 0
github.com/dungeongate/internal/user/user.go:299.2,300.42 2 0
github.com/dungeongate/internal/user/user.go:300.42,306.3 1 0
github.com/dungeongate/internal/user/user.go:308.2,308.15 1 0
github.com/dungeongate/internal/user/user.go:312.71,315.20 2 0
github.com/dungeongate/internal/user/user.go:315.20,322.3 2 0
github.com/dungeongate/internal/user/user.go:324.2,324.23 1 0
github.com/dungeongate/internal/user/user.go:324.23,330.3 1 0
github.com/dungeongate/internal/user/user.go:332.2,332.15 1 0
github.com/dungeongate/internal/user/user.go:336.65,339.17 2 0
github.com/dungeongate/internal/user/user.go:339.17,341.3 1 0
github.com/dungeongate/internal/user/user.go:343.2,343.52 1 0
github.com/dungeongate/internal/user/user.go:343.52,349.3 1 0
github.com/dungeongate/internal/user/user.go:351.2,351.15 1 0
github.com/dungeongate/internal/user/user.go:355.86,359.16 4 0
github.com/dungeongate/internal/user/user.go:359.16,361.3 1 0
github.com/dungeongate/internal/user/user.go:362.2,362.23 1 0
github.com/dungeongate/internal/user/user.go:366.73,369.43 2 0
github.com/dungeongate/internal/user/user.go:369.43,371.3 1 0
github.com/dungeongate/internal/user/user.go:374.2,376.64 2 0
github.com/dungeongate/internal/user/user.go:380.61,382.16 2 0
github.com/dungeongate/internal/user/user.go:382.16,384.3 1 0
github.com/dungeongate/internal/user/user.go:386.2,387.16 2 0
github.com/dungeongate/internal/user/user.go:387.16,389.3 1 0
github.com/dungeongate/internal/user/user.go:392.2,395.60 2 0
github.com/dungeongate/internal/user/user.go:399.99,418.16 5 0
github.com/dungeongate/internal/user/user.go:418.16,419.27 1 0
github.com/dungeongate/internal/user/user.go:419.27,421.4 1 0
github.com/dungeongate/internal/user/user.go:422.3,422.58 1 0
github.com/dungeongate/internal/user/user.go:426.2,426.21 1 0
github.com/dungeongate/internal/user/user.go:426.21,428.3 1 0
github.com/dungeongate/internal/user/user.go:429.2,429.23 1 0
github.com/dungeongate/internal/user/user.go:429.23,431.3 1 0
github.com/dungeongate/internal/user/user.go:434.2,434.91 1 0
github.com/dungeongate/internal/user/user.go:434.91,436.3 1 0
github.com/dungeongate/internal/user/user.go:439.2,439.61 1 0
github.com/dungeongate/internal/user/user.go:439.61,441.70 1 0
github.com/dungeongate/internal/user/user.go:441.70,444.4 1 0
github.com/dungeongate/internal/user/user.go:445.3,445.45 1 0
github.com/dungeongate/internal/user/user.go:449.2,449.65 1 0
github.com/dungeongate/internal/user/user.go:449.65,452.3 1 0
github.com/dungeongate/internal/user/user.go:455.2,455.56 1 0
github.com/dungeongate/internal/user/user.go:455.56,458.3 1 0
github.com/dungeongate/internal/user/user.go:460.2,460.19 1 0
github.com/dungeongate/internal/user/user.go:464.74,473.2 3 0
github.com/dungeongate/internal/user/user.go:476.79,495.16 5 0
github.com/dungeongate/internal/user/user.go:495.16,496.27 1 0
github.com/dungeongate/internal/user/user.go:496.27,498.4 1 0
github.com/dungeongate/internal/user/user.go:499.3,499.58 1 0
github.com/dungeongate/internal/user/user.go:503.2,503.21 1 0
github.com/dungeongate/internal/user/user.go:503.21,505.3 1 0
github.com/dungeongate/internal/user/user.go:506.2,506.23 1 0
github.com/dungeongate/internal/user/user.go:506.23,508.3 1 0
github.com/dungeongate/internal/user/user.go:510.2,510.19 1 0
github.com/dungeongate/internal/user/user.go:514.90,533.16 5 0
github.com/dungeongate/internal/user/user.go:533.16,534.27 1 0
github.com/dungeongate/internal/user/user.go:534.27,536.4 1 0
github.com/dungeongate/internal/user/user.go:537.3,537.58 1 0
github.com/dungeongate/internal/user/user.go:541.2,541.21 1 0
github.com/dungeongate/internal/user/user.go:541.21,543.3 1 0
github.com/dungeongate/internal/user/user.go:544.2,544.23 1 0
github.com/dungeongate/internal/user/user.go:544.23,546.3 1 0
github.com/dungeongate/internal/user/user.go:548.2,548.19 1 0
github.com/dungeongate/internal/user/user_login_attempts.go:10.87,15.16 4 0
github.com/dungeongate/internal/user/user_login_attempts.go:15.16,17.3 1 0
github.com/dungeongate/internal/user/user_login_attempts.go:19.2,23.32 3 0
github.com/dungeongate/internal/user/user_login_attempts.go:23.32,35.3 4 0
github.com/dungeongate/internal/user/user_login_attempts.go:35.8,42.3 2 0
github.com/dungeongate/internal/user/user_login_attempts.go:44.2,44.12 1 0
github.com/dungeongate/internal/user/user_login_attempts.go:48.83,58.2 3 0
github.com/dungeongate/internal/user/user_login_attempts.go:61.46,62.104 1 1
github.com/dungeongate/internal/user/user_login_attempts.go:62.104,64.3 1 1
github.com/dungeongate/internal/user/user_login_attempts.go:65.2,65.10 1 1
github.com/dungeongate/internal/user/user_login_attempts.go:69.51,70.104 1 1
github.com/dungeongate/internal/user/user_login_attempts.go:70.104,72.17 2 1
github.com/dungeongate/internal/user/user_login_attempts.go:72.17,74.4 1 1
github.com/dungeongate/internal/user/user_login_attempts.go:76.2,76.25 1 1
